#
# There is insufficient memory for the Java Runtime Environment to continue.
# Native memory allocation (malloc) failed to allocate 566256 bytes. Error detail: Chunk::new
# Possible reasons:
#   The system is out of physical RAM or swap space
#   This process is running with CompressedOops enabled, and the Java Heap may be blocking the growth of the native heap
# Possible solutions:
#   Reduce memory load on the system
#   Increase physical memory or swap space
#   Check if swap backing store is full
#   Decrease Java heap size (-Xmx/-Xms)
#   Decrease number of Java threads
#   Decrease Java thread stack sizes (-Xss)
#   Set larger code cache with -XX:ReservedCodeCacheSize=
#   JVM is running with Unscaled Compressed Oops mode in which the Java heap is
#     placed in the first 4GB address space. The Java Heap base address is the
#     maximum limit for the native heap growth. Please use -XX:HeapBaseMinAddress
#     to set the Java Heap base and to place the Java Heap above 4GB virtual address.
# This output file may be truncated or incomplete.
#
#  Out of Memory Error (arena.cpp:191), pid=110168, tid=84660
#
# JRE version: OpenJDK Runtime Environment JBR-17.0.12+1-1207.37-nomod (17.0.12+1) (build 17.0.12+1-b1207.37)
# Java VM: OpenJDK 64-Bit Server VM JBR-17.0.12+1-1207.37-nomod (17.0.12+1-b1207.37, mixed mode, sharing, tiered, compressed oops, compressed class ptrs, g1 gc, windows-amd64)
# No core dump will be written. Minidumps are not enabled by default on client versions of Windows
#

---------------  S U M M A R Y ------------

Command Line: -javaagent:D:\IntelliJ IDEA Community Edition 2024.3\lib\idea_rt.jar=56160:D:\IntelliJ IDEA Community Edition 2024.3\bin -Dfile.encoding=UTF-8 com.springboot.CinemaSystem.CinemaSystemApplication

Host: Intel(R) Core(TM) i5-1035G1 CPU @ 1.00GHz, 8 cores, 7G,  Windows 11 , 64 bit Build 22621 (10.0.22621.4391)
Time: Tue Dec 17 14:12:05 2024 SE Asia Standard Time elapsed time: 7.803787 seconds (0d 0h 0m 7s)

---------------  T H R E A D  ---------------

Current thread (0x0000028bff3789d0):  JavaThread "C2 CompilerThread0" daemon [_thread_in_native, id=84660, stack(0x0000009951200000,0x0000009951300000)]


Current CompileTask:
C2:   7803 4932       4       jdk.internal.org.objectweb.asm.SymbolTable::addConstantMemberReference (147 bytes)

Stack: [0x0000009951200000,0x0000009951300000]
Native frames: (J=compiled Java code, j=interpreted, Vv=VM code, C=native code)
V  [jvm.dll+0x689d89]
V  [jvm.dll+0x84386a]
V  [jvm.dll+0x8454ee]
V  [jvm.dll+0x845b53]
V  [jvm.dll+0x24a56f]
V  [jvm.dll+0xac9e4]
V  [jvm.dll+0xad02c]
V  [jvm.dll+0x2b1c4f]
V  [jvm.dll+0x5908f7]
V  [jvm.dll+0x2248c2]
V  [jvm.dll+0x21d7bd]
V  [jvm.dll+0x21b2e1]
V  [jvm.dll+0x1a68ed]
V  [jvm.dll+0x22b2de]
V  [jvm.dll+0x229445]
V  [jvm.dll+0x7f7917]
V  [jvm.dll+0x7f1cec]
V  [jvm.dll+0x688be7]
C  [ucrtbase.dll+0x29333]
C  [KERNEL32.DLL+0x1259d]
C  [ntdll.dll+0x5af38]


---------------  P R O C E S S  ---------------

Threads class SMR info:
_java_thread_list=0x0000028bc7ddc010, length=18, elements={
0x0000028be5463800, 0x0000028bff355a60, 0x0000028bff356a30, 0x0000028bff3699a0,
0x0000028bff36a470, 0x0000028bff36ee50, 0x0000028bff36fc20, 0x0000028bff3789d0,
0x0000028bff39c990, 0x0000028bff3a03b0, 0x0000028bff6c4ea0, 0x0000028bff9dd760,
0x0000028bff9ddc40, 0x0000028bc7822460, 0x0000028bc7822dc0, 0x0000028bc8969cb0,
0x0000028bc89697a0, 0x0000028bc8968360
}

Java Threads: ( => current thread )
  0x0000028be5463800 JavaThread "main" [_thread_blocked, id=86280, stack(0x0000009950500000,0x0000009950600000)]
  0x0000028bff355a60 JavaThread "Reference Handler" daemon [_thread_blocked, id=116504, stack(0x0000009950c00000,0x0000009950d00000)]
  0x0000028bff356a30 JavaThread "Finalizer" daemon [_thread_blocked, id=118548, stack(0x0000009950d00000,0x0000009950e00000)]
  0x0000028bff3699a0 JavaThread "Signal Dispatcher" daemon [_thread_blocked, id=122328, stack(0x0000009950e00000,0x0000009950f00000)]
  0x0000028bff36a470 JavaThread "Attach Listener" daemon [_thread_blocked, id=113728, stack(0x0000009950f00000,0x0000009951000000)]
  0x0000028bff36ee50 JavaThread "Service Thread" daemon [_thread_blocked, id=117156, stack(0x0000009951000000,0x0000009951100000)]
  0x0000028bff36fc20 JavaThread "Monitor Deflation Thread" daemon [_thread_blocked, id=120400, stack(0x0000009951100000,0x0000009951200000)]
=>0x0000028bff3789d0 JavaThread "C2 CompilerThread0" daemon [_thread_in_native, id=84660, stack(0x0000009951200000,0x0000009951300000)]
  0x0000028bff39c990 JavaThread "C1 CompilerThread0" daemon [_thread_blocked, id=118084, stack(0x0000009951300000,0x0000009951400000)]
  0x0000028bff3a03b0 JavaThread "Sweeper thread" daemon [_thread_blocked, id=120536, stack(0x0000009951400000,0x0000009951500000)]
  0x0000028bff6c4ea0 JavaThread "Common-Cleaner" daemon [_thread_blocked, id=114424, stack(0x0000009951500000,0x0000009951600000)]
  0x0000028bff9dd760 JavaThread "Monitor Ctrl-Break" daemon [_thread_in_native, id=101592, stack(0x0000009951600000,0x0000009951700000)]
  0x0000028bff9ddc40 JavaThread "Notification Thread" daemon [_thread_blocked, id=88556, stack(0x0000009951700000,0x0000009951800000)]
  0x0000028bc7822460 JavaThread "Thread-0" [_thread_blocked, id=1296, stack(0x0000009951900000,0x0000009951a00000)]
  0x0000028bc7822dc0 JavaThread "restartedMain" [_thread_in_vm, id=112588, stack(0x0000009951a00000,0x0000009951b00000)]
  0x0000028bc8969cb0 JavaThread "mysql-cj-abandoned-connection-cleanup" daemon [_thread_blocked, id=119972, stack(0x0000009952300000,0x0000009952400000)]
  0x0000028bc89697a0 JavaThread "HikariPool-1 housekeeper" daemon [_thread_blocked, id=114512, stack(0x0000009952500000,0x0000009952600000)]
  0x0000028bc8968360 JavaThread "HikariPool-1 connection adder" daemon [_thread_in_vm, id=104196, stack(0x0000009952600000,0x0000009952700000)]

Other Threads:
  0x0000028bff350f80 VMThread "VM Thread" [stack: 0x0000009950b00000,0x0000009950c00000] [id=122540]
  0x0000028be5464680 WatcherThread [stack: 0x0000009951800000,0x0000009951900000] [id=104044]
  0x0000028be54baf80 GCTaskThread "GC Thread#0" [stack: 0x0000009950600000,0x0000009950700000] [id=117868]
  0x0000028bc7c0a040 GCTaskThread "GC Thread#1" [stack: 0x0000009951b00000,0x0000009951c00000] [id=118824]
  0x0000028bc76709e0 GCTaskThread "GC Thread#2" [stack: 0x0000009951c00000,0x0000009951d00000] [id=102648]
  0x0000028bc727a7c0 GCTaskThread "GC Thread#3" [stack: 0x0000009951d00000,0x0000009951e00000] [id=114304]
  0x0000028bc727aa80 GCTaskThread "GC Thread#4" [stack: 0x0000009951e00000,0x0000009951f00000] [id=53540]
  0x0000028bc727ad40 GCTaskThread "GC Thread#5" [stack: 0x0000009951f00000,0x0000009952000000] [id=108388]
  0x0000028bc7964420 GCTaskThread "GC Thread#6" [stack: 0x0000009952100000,0x0000009952200000] [id=121632]
  0x0000028bc7e276e0 GCTaskThread "GC Thread#7" [stack: 0x0000009952200000,0x0000009952300000] [id=108340]
  0x0000028be54cb7d0 ConcurrentGCThread "G1 Main Marker" [stack: 0x0000009950700000,0x0000009950800000] [id=106876]
  0x0000028be54cc1f0 ConcurrentGCThread "G1 Conc#0" [stack: 0x0000009950800000,0x0000009950900000] [id=108016]
  0x0000028bc89b0850 ConcurrentGCThread "G1 Conc#1" [stack: 0x0000009952000000,0x0000009952100000] [id=121552]
  0x0000028be550e840 ConcurrentGCThread "G1 Refine#0" [stack: 0x0000009950900000,0x0000009950a00000] [id=114508]
  0x0000028bff20deb0 ConcurrentGCThread "G1 Service" [stack: 0x0000009950a00000,0x0000009950b00000] [id=117548]

Threads with active compile tasks:
C2 CompilerThread0     7835 4932       4       jdk.internal.org.objectweb.asm.SymbolTable::addConstantMemberReference (147 bytes)
C1 CompilerThread0     7835 5005       3       java.math.MutableBigInteger::unsignedLongCompare (20 bytes)

VM state: not at safepoint (normal execution)

VM Mutex/Monitor currently owned by a thread: None

Heap address: 0x0000000083800000, size: 1992 MB, Compressed Oops mode: 32-bit

CDS archive(s) mapped at: [0x0000028b82000000-0x0000028b82c00000-0x0000028b82c00000), size 12582912, SharedBaseAddress: 0x0000028b82000000, ArchiveRelocationMode: 1.
Compressed class space mapped at: 0x0000028b83000000-0x0000028bc3000000, reserved size: 1073741824
Narrow klass base: 0x0000028b82000000, Narrow klass shift: 0, Narrow klass range: 0x100000000

GC Precious Log:
 CPUs: 8 total, 8 available
 Memory: 7967M
 Large Page Support: Disabled
 NUMA Support: Disabled
 Compressed Oops: Enabled (32-bit)
 Heap Region Size: 1M
 Heap Min Capacity: 8M
 Heap Initial Capacity: 126M
 Heap Max Capacity: 1992M
 Pre-touch: Disabled
 Parallel Workers: 8
 Concurrent Workers: 2
 Concurrent Refinement Workers: 8
 Periodic GC: Disabled

Heap:
 garbage-first heap   total 55296K, used 35480K [0x0000000083800000, 0x0000000100000000)
  region size 1024K, 16 young (16384K), 3 survivors (3072K)
 Metaspace       used 47508K, committed 47936K, reserved 1114112K
  class space    used 6346K, committed 6592K, reserved 1048576K

Heap Regions: E=young(eden), S=young(survivor), O=old, HS=humongous(starts), HC=humongous(continues), CS=collection set, F=free, OA=open archive, CA=closed archive, TAMS=top-at-mark-start (previous, next)
|   0|0x0000000083800000, 0x0000000083900000, 0x0000000083900000|100%|HS|  |TAMS 0x0000000083900000, 0x0000000083800000| Complete 
|   1|0x0000000083900000, 0x0000000083a00000, 0x0000000083a00000|100%| O|  |TAMS 0x0000000083a00000, 0x0000000083900000| Untracked 
|   2|0x0000000083a00000, 0x0000000083b00000, 0x0000000083b00000|100%| O|  |TAMS 0x0000000083b00000, 0x0000000083a00000| Untracked 
|   3|0x0000000083b00000, 0x0000000083c00000, 0x0000000083c00000|100%| O|  |TAMS 0x0000000083c00000, 0x0000000083b00000| Untracked 
|   4|0x0000000083c00000, 0x0000000083d00000, 0x0000000083d00000|100%| O|  |TAMS 0x0000000083d00000, 0x0000000083c00000| Untracked 
|   5|0x0000000083d00000, 0x0000000083e00000, 0x0000000083e00000|100%| O|  |TAMS 0x0000000083e00000, 0x0000000083d00000| Untracked 
|   6|0x0000000083e00000, 0x0000000083f00000, 0x0000000083f00000|100%| O|  |TAMS 0x0000000083f00000, 0x0000000083e00000| Untracked 
|   7|0x0000000083f00000, 0x0000000084000000, 0x0000000084000000|100%| O|  |TAMS 0x0000000084000000, 0x0000000083f00000| Untracked 
|   8|0x0000000084000000, 0x0000000084100000, 0x0000000084100000|100%| O|  |TAMS 0x0000000084100000, 0x0000000084000000| Untracked 
|   9|0x0000000084100000, 0x0000000084200000, 0x0000000084200000|100%| O|  |TAMS 0x0000000084200000, 0x0000000084100000| Untracked 
|  10|0x0000000084200000, 0x0000000084300000, 0x0000000084300000|100%| O|  |TAMS 0x0000000084300000, 0x0000000084200000| Untracked 
|  11|0x0000000084300000, 0x0000000084400000, 0x0000000084400000|100%| O|  |TAMS 0x0000000084400000, 0x0000000084300000| Untracked 
|  12|0x0000000084400000, 0x0000000084500000, 0x0000000084500000|100%| O|  |TAMS 0x0000000084500000, 0x0000000084400000| Untracked 
|  13|0x0000000084500000, 0x0000000084600000, 0x0000000084600000|100%| O|  |TAMS 0x0000000084600000, 0x0000000084500000| Untracked 
|  14|0x0000000084600000, 0x0000000084700000, 0x0000000084700000|100%| O|  |TAMS 0x0000000084700000, 0x0000000084600000| Untracked 
|  15|0x0000000084700000, 0x0000000084800000, 0x0000000084800000|100%| O|  |TAMS 0x0000000084800000, 0x0000000084700000| Untracked 
|  16|0x0000000084800000, 0x0000000084900000, 0x0000000084900000|100%| O|  |TAMS 0x0000000084900000, 0x0000000084800000| Untracked 
|  17|0x0000000084900000, 0x0000000084a00000, 0x0000000084a00000|100%| O|  |TAMS 0x0000000084a00000, 0x0000000084900000| Untracked 
|  18|0x0000000084a00000, 0x0000000084b00000, 0x0000000084b00000|100%| O|  |TAMS 0x0000000084b00000, 0x0000000084a00000| Untracked 
|  19|0x0000000084b00000, 0x0000000084bff200, 0x0000000084c00000| 99%| O|  |TAMS 0x0000000084bff200, 0x0000000084b00000| Untracked 
|  20|0x0000000084c00000, 0x0000000084c00000, 0x0000000084d00000|  0%| F|  |TAMS 0x0000000084c00000, 0x0000000084c00000| Untracked 
|  21|0x0000000084d00000, 0x0000000084d00000, 0x0000000084e00000|  0%| F|  |TAMS 0x0000000084d00000, 0x0000000084d00000| Untracked 
|  22|0x0000000084e00000, 0x0000000084e00000, 0x0000000084f00000|  0%| F|  |TAMS 0x0000000084e00000, 0x0000000084e00000| Untracked 
|  23|0x0000000084f00000, 0x0000000084f00000, 0x0000000085000000|  0%| F|  |TAMS 0x0000000084f00000, 0x0000000084f00000| Untracked 
|  24|0x0000000085000000, 0x0000000085000000, 0x0000000085100000|  0%| F|  |TAMS 0x0000000085000000, 0x0000000085000000| Untracked 
|  25|0x0000000085100000, 0x0000000085100000, 0x0000000085200000|  0%| F|  |TAMS 0x0000000085100000, 0x0000000085100000| Untracked 
|  26|0x0000000085200000, 0x0000000085200000, 0x0000000085300000|  0%| F|  |TAMS 0x0000000085200000, 0x0000000085200000| Untracked 
|  27|0x0000000085300000, 0x0000000085300000, 0x0000000085400000|  0%| F|  |TAMS 0x0000000085300000, 0x0000000085300000| Untracked 
|  28|0x0000000085400000, 0x0000000085400000, 0x0000000085500000|  0%| F|  |TAMS 0x0000000085400000, 0x0000000085400000| Untracked 
|  29|0x0000000085500000, 0x00000000855a7170, 0x0000000085600000| 65%| S|CS|TAMS 0x0000000085500000, 0x0000000085500000| Complete 
|  30|0x0000000085600000, 0x0000000085700000, 0x0000000085700000|100%| S|CS|TAMS 0x0000000085600000, 0x0000000085600000| Complete 
|  31|0x0000000085700000, 0x0000000085800000, 0x0000000085800000|100%| S|CS|TAMS 0x0000000085700000, 0x0000000085700000| Complete 
|  32|0x0000000085800000, 0x0000000085800000, 0x0000000085900000|  0%| F|  |TAMS 0x0000000085800000, 0x0000000085800000| Untracked 
|  33|0x0000000085900000, 0x0000000085900000, 0x0000000085a00000|  0%| F|  |TAMS 0x0000000085900000, 0x0000000085900000| Untracked 
|  34|0x0000000085a00000, 0x0000000085a00000, 0x0000000085b00000|  0%| F|  |TAMS 0x0000000085a00000, 0x0000000085a00000| Untracked 
|  35|0x0000000085b00000, 0x0000000085b00000, 0x0000000085c00000|  0%| F|  |TAMS 0x0000000085b00000, 0x0000000085b00000| Untracked 
|  36|0x0000000085c00000, 0x0000000085c00000, 0x0000000085d00000|  0%| F|  |TAMS 0x0000000085c00000, 0x0000000085c00000| Untracked 
|  37|0x0000000085d00000, 0x0000000085d00000, 0x0000000085e00000|  0%| F|  |TAMS 0x0000000085d00000, 0x0000000085d00000| Untracked 
|  38|0x0000000085e00000, 0x0000000085e00000, 0x0000000085f00000|  0%| F|  |TAMS 0x0000000085e00000, 0x0000000085e00000| Untracked 
|  39|0x0000000085f00000, 0x0000000085f00000, 0x0000000086000000|  0%| F|  |TAMS 0x0000000085f00000, 0x0000000085f00000| Untracked 
|  40|0x0000000086000000, 0x0000000086000000, 0x0000000086100000|  0%| F|  |TAMS 0x0000000086000000, 0x0000000086000000| Untracked 
|  41|0x0000000086100000, 0x000000008615f3a8, 0x0000000086200000| 37%| E|  |TAMS 0x0000000086100000, 0x0000000086100000| Complete 
|  42|0x0000000086200000, 0x0000000086300000, 0x0000000086300000|100%| E|CS|TAMS 0x0000000086200000, 0x0000000086200000| Complete 
|  43|0x0000000086300000, 0x0000000086400000, 0x0000000086400000|100%| E|CS|TAMS 0x0000000086300000, 0x0000000086300000| Complete 
|  44|0x0000000086400000, 0x0000000086500000, 0x0000000086500000|100%| E|CS|TAMS 0x0000000086400000, 0x0000000086400000| Complete 
|  62|0x0000000087600000, 0x0000000087700000, 0x0000000087700000|100%| E|CS|TAMS 0x0000000087600000, 0x0000000087600000| Complete 
|  63|0x0000000087700000, 0x0000000087800000, 0x0000000087800000|100%| E|CS|TAMS 0x0000000087700000, 0x0000000087700000| Complete 
|  64|0x0000000087800000, 0x0000000087900000, 0x0000000087900000|100%| E|CS|TAMS 0x0000000087800000, 0x0000000087800000| Complete 
|  65|0x0000000087900000, 0x0000000087a00000, 0x0000000087a00000|100%| E|CS|TAMS 0x0000000087900000, 0x0000000087900000| Complete 
|  66|0x0000000087a00000, 0x0000000087b00000, 0x0000000087b00000|100%| E|CS|TAMS 0x0000000087a00000, 0x0000000087a00000| Complete 
|  67|0x0000000087b00000, 0x0000000087c00000, 0x0000000087c00000|100%| E|CS|TAMS 0x0000000087b00000, 0x0000000087b00000| Complete 
|  68|0x0000000087c00000, 0x0000000087d00000, 0x0000000087d00000|100%| E|CS|TAMS 0x0000000087c00000, 0x0000000087c00000| Complete 
|  69|0x0000000087d00000, 0x0000000087e00000, 0x0000000087e00000|100%| E|CS|TAMS 0x0000000087d00000, 0x0000000087d00000| Complete 
| 125|0x000000008b500000, 0x000000008b600000, 0x000000008b600000|100%| E|CS|TAMS 0x000000008b500000, 0x000000008b500000| Complete 

Card table byte_map: [0x0000028bfa290000,0x0000028bfa680000] _byte_map_base: 0x0000028bf9e74000

Marking Bits (Prev, Next): (CMBitMap*) 0x0000028be54bb5a0, (CMBitMap*) 0x0000028be54bb5e0
 Prev Bits: [0x0000028bfaa70000, 0x0000028bfc990000)
 Next Bits: [0x0000028bfc990000, 0x0000028bfe8b0000)

Polling page: 0x0000028be5510000

Metaspace:

Usage:
  Non-class:     40.21 MB used.
      Class:      6.20 MB used.
       Both:     46.41 MB used.

Virtual space:
  Non-class space:       64.00 MB reserved,      40.38 MB ( 63%) committed,  1 nodes.
      Class space:        1.00 GB reserved,       6.44 MB ( <1%) committed,  1 nodes.
             Both:        1.06 GB reserved,      46.81 MB (  4%) committed. 

Chunk freelists:
   Non-Class:  7.36 MB
       Class:  9.48 MB
        Both:  16.83 MB

MaxMetaspaceSize: unlimited
CompressedClassSpaceSize: 1.00 GB
Initial GC threshold: 21.00 MB
Current GC threshold: 59.00 MB
CDS: on
MetaspaceReclaimPolicy: balanced
 - commit_granule_bytes: 65536.
 - commit_granule_words: 8192.
 - virtual_space_node_default_size: 8388608.
 - enlarge_chunks_in_place: 1.
 - new_chunks_are_fully_committed: 0.
 - uncommit_free_chunks: 1.
 - use_allocation_guard: 0.
 - handle_deallocations: 1.


Internal statistics:

num_allocs_failed_limit: 6.
num_arena_births: 554.
num_arena_deaths: 0.
num_vsnodes_births: 2.
num_vsnodes_deaths: 0.
num_space_committed: 749.
num_space_uncommitted: 0.
num_chunks_returned_to_freelist: 6.
num_chunks_taken_from_freelist: 2174.
num_chunk_merges: 6.
num_chunk_splits: 1541.
num_chunks_enlarged: 1189.
num_inconsistent_stats: 0.

CodeHeap 'non-profiled nmethods': size=120000Kb used=2086Kb max_used=2086Kb free=117913Kb
 bounds [0x0000028bf1f00000, 0x0000028bf2170000, 0x0000028bf9430000]
CodeHeap 'profiled nmethods': size=120000Kb used=10089Kb max_used=10089Kb free=109910Kb
 bounds [0x0000028bea430000, 0x0000028beae10000, 0x0000028bf1960000]
CodeHeap 'non-nmethods': size=5760Kb used=1284Kb max_used=1315Kb free=4475Kb
 bounds [0x0000028bf1960000, 0x0000028bf1bd0000, 0x0000028bf1f00000]
 total_blobs=5482 nmethods=4897 adapters=497
 compilation: enabled
              stopped_count=0, restarted_count=0
 full_count=0

Compilation events (20 events):
Event: 7.765 Thread 0x0000028bff39c990 4978       3       java.util.Locale::stripExtensions (20 bytes)
Event: 7.765 Thread 0x0000028bff39c990 nmethod 4978 0x0000028beadf8410 code [0x0000028beadf85c0, 0x0000028beadf8848]
Event: 7.765 Thread 0x0000028bff39c990 4979   !   3       javax.crypto.Mac::chooseFirstProvider (236 bytes)
Event: 7.766 Thread 0x0000028bff39c990 nmethod 4979 0x0000028beadf8910 code [0x0000028beadf8ba0, 0x0000028beadf9a78]
Event: 7.766 Thread 0x0000028bff3789d0 nmethod 4972 0x0000028bf2108990 code [0x0000028bf2108b00, 0x0000028bf2108c58]
Event: 7.766 Thread 0x0000028bff39c990 4980       3       sun.security.provider.ByteArrayAccess::b2lBig128 (232 bytes)
Event: 7.766 Thread 0x0000028bff3789d0 4953       4       sun.security.util.math.intpoly.IntegerPolynomial::multByInt (30 bytes)
Event: 7.773 Thread 0x0000028bff3789d0 nmethod 4953 0x0000028bf2108e10 code [0x0000028bf2108fc0, 0x0000028bf21092b8]
Event: 7.773 Thread 0x0000028bff3789d0 4932       4       jdk.internal.org.objectweb.asm.SymbolTable::addConstantMemberReference (147 bytes)
Event: 7.774 Thread 0x0000028bff39c990 nmethod 4980 0x0000028beadf9f10 code [0x0000028beadfa9e0, 0x0000028beae010d8]
Event: 7.774 Thread 0x0000028bff39c990 4982       3       java.util.concurrent.locks.AbstractQueuedSynchronizer::signalNext (34 bytes)
Event: 7.774 Thread 0x0000028bff39c990 nmethod 4982 0x0000028beae02e10 code [0x0000028beae02fe0, 0x0000028beae03298]
Event: 7.774 Thread 0x0000028bff39c990 4983       3       java.nio.Buffer::checkScope (16 bytes)
Event: 7.774 Thread 0x0000028bff39c990 nmethod 4983 0x0000028beae03410 code [0x0000028beae035c0, 0x0000028beae03898]
Event: 7.774 Thread 0x0000028bff39c990 4985       3       sun.nio.ch.Util$BufferCache::next (8 bytes)
Event: 7.775 Thread 0x0000028bff39c990 nmethod 4985 0x0000028beae03990 code [0x0000028beae03b20, 0x0000028beae03c58]
Event: 7.775 Thread 0x0000028bff39c990 4984       1       com.sun.crypto.provider.AESCrypt::getBlockSize (3 bytes)
Event: 7.775 Thread 0x0000028bff39c990 nmethod 4984 0x0000028bf2109490 code [0x0000028bf2109620, 0x0000028bf21096f8]
Event: 7.775 Thread 0x0000028bff39c990 4981       1       javax.crypto.JceSecurity$WeakIdentityWrapper::hashCode (5 bytes)
Event: 7.775 Thread 0x0000028bff39c990 nmethod 4981 0x0000028bf2109790 code [0x0000028bf2109920, 0x0000028bf21099f8]

GC Heap History (20 events):
Event: 0.957 GC heap before
{Heap before GC invocations=0 (full 0):
 garbage-first heap   total 129024K, used 23552K [0x0000000083800000, 0x0000000100000000)
  region size 1024K, 23 young (23552K), 0 survivors (0K)
 Metaspace       used 5470K, committed 5632K, reserved 1114112K
  class space    used 640K, committed 704K, reserved 1048576K
}
Event: 0.960 GC heap after
{Heap after GC invocations=1 (full 0):
 garbage-first heap   total 129024K, used 6911K [0x0000000083800000, 0x0000000100000000)
  region size 1024K, 3 young (3072K), 3 survivors (3072K)
 Metaspace       used 5470K, committed 5632K, reserved 1114112K
  class space    used 640K, committed 704K, reserved 1048576K
}
Event: 1.461 GC heap before
{Heap before GC invocations=1 (full 0):
 garbage-first heap   total 129024K, used 36607K [0x0000000083800000, 0x0000000100000000)
  region size 1024K, 33 young (33792K), 3 survivors (3072K)
 Metaspace       used 13747K, committed 13952K, reserved 1114112K
  class space    used 1712K, committed 1792K, reserved 1048576K
}
Event: 1.466 GC heap after
{Heap after GC invocations=2 (full 0):
 garbage-first heap   total 129024K, used 9775K [0x0000000083800000, 0x0000000100000000)
  region size 1024K, 3 young (3072K), 3 survivors (3072K)
 Metaspace       used 13747K, committed 13952K, reserved 1114112K
  class space    used 1712K, committed 1792K, reserved 1048576K
}
Event: 2.698 GC heap before
{Heap before GC invocations=2 (full 0):
 garbage-first heap   total 129024K, used 61999K [0x0000000083800000, 0x0000000100000000)
  region size 1024K, 56 young (57344K), 3 survivors (3072K)
 Metaspace       used 21283K, committed 21504K, reserved 1114112K
  class space    used 2659K, committed 2752K, reserved 1048576K
}
Event: 2.705 GC heap after
{Heap after GC invocations=3 (full 0):
 garbage-first heap   total 129024K, used 14582K [0x0000000083800000, 0x0000000100000000)
  region size 1024K, 8 young (8192K), 8 survivors (8192K)
 Metaspace       used 21283K, committed 21504K, reserved 1114112K
  class space    used 2659K, committed 2752K, reserved 1048576K
}
Event: 3.338 GC heap before
{Heap before GC invocations=4 (full 0):
 garbage-first heap   total 55296K, used 39158K [0x0000000083800000, 0x0000000100000000)
  region size 1024K, 32 young (32768K), 8 survivors (8192K)
 Metaspace       used 24129K, committed 24384K, reserved 1114112K
  class space    used 3033K, committed 3136K, reserved 1048576K
}
Event: 3.344 GC heap after
{Heap after GC invocations=5 (full 0):
 garbage-first heap   total 55296K, used 16643K [0x0000000083800000, 0x0000000100000000)
  region size 1024K, 3 young (3072K), 3 survivors (3072K)
 Metaspace       used 24129K, committed 24384K, reserved 1114112K
  class space    used 3033K, committed 3136K, reserved 1048576K
}
Event: 3.369 GC heap before
{Heap before GC invocations=5 (full 0):
 garbage-first heap   total 55296K, used 17667K [0x0000000083800000, 0x0000000100000000)
  region size 1024K, 4 young (4096K), 3 survivors (3072K)
 Metaspace       used 24165K, committed 24384K, reserved 1114112K
  class space    used 3040K, committed 3136K, reserved 1048576K
}
Event: 3.372 GC heap after
{Heap after GC invocations=6 (full 0):
 garbage-first heap   total 55296K, used 16951K [0x0000000083800000, 0x0000000100000000)
  region size 1024K, 1 young (1024K), 1 survivors (1024K)
 Metaspace       used 24165K, committed 24384K, reserved 1114112K
  class space    used 3040K, committed 3136K, reserved 1048576K
}
Event: 4.218 GC heap before
{Heap before GC invocations=6 (full 0):
 garbage-first heap   total 55296K, used 38455K [0x0000000083800000, 0x0000000100000000)
  region size 1024K, 22 young (22528K), 1 survivors (1024K)
 Metaspace       used 27697K, committed 28032K, reserved 1114112K
  class space    used 3541K, committed 3712K, reserved 1048576K
}
Event: 4.222 GC heap after
{Heap after GC invocations=7 (full 0):
 garbage-first heap   total 55296K, used 18802K [0x0000000083800000, 0x0000000100000000)
  region size 1024K, 3 young (3072K), 3 survivors (3072K)
 Metaspace       used 27697K, committed 28032K, reserved 1114112K
  class space    used 3541K, committed 3712K, reserved 1048576K
}
Event: 5.419 GC heap before
{Heap before GC invocations=7 (full 0):
 garbage-first heap   total 55296K, used 39282K [0x0000000083800000, 0x0000000100000000)
  region size 1024K, 23 young (23552K), 3 survivors (3072K)
 Metaspace       used 31246K, committed 31616K, reserved 1114112K
  class space    used 4023K, committed 4224K, reserved 1048576K
}
Event: 5.424 GC heap after
{Heap after GC invocations=8 (full 0):
 garbage-first heap   total 55296K, used 20522K [0x0000000083800000, 0x0000000100000000)
  region size 1024K, 2 young (2048K), 2 survivors (2048K)
 Metaspace       used 31246K, committed 31616K, reserved 1114112K
  class space    used 4023K, committed 4224K, reserved 1048576K
}
Event: 6.122 GC heap before
{Heap before GC invocations=8 (full 0):
 garbage-first heap   total 55296K, used 39978K [0x0000000083800000, 0x0000000100000000)
  region size 1024K, 21 young (21504K), 2 survivors (2048K)
 Metaspace       used 34154K, committed 34624K, reserved 1114112K
  class space    used 4437K, committed 4672K, reserved 1048576K
}
Event: 6.126 GC heap after
{Heap after GC invocations=9 (full 0):
 garbage-first heap   total 55296K, used 21784K [0x0000000083800000, 0x0000000100000000)
  region size 1024K, 2 young (2048K), 2 survivors (2048K)
 Metaspace       used 34154K, committed 34624K, reserved 1114112K
  class space    used 4437K, committed 4672K, reserved 1048576K
}
Event: 6.325 GC heap before
{Heap before GC invocations=9 (full 0):
 garbage-first heap   total 55296K, used 25880K [0x0000000083800000, 0x0000000100000000)
  region size 1024K, 7 young (7168K), 2 survivors (2048K)
 Metaspace       used 35595K, committed 35968K, reserved 1114112K
  class space    used 4674K, committed 4864K, reserved 1048576K
}
Event: 6.327 GC heap after
{Heap after GC invocations=10 (full 0):
 garbage-first heap   total 55296K, used 21877K [0x0000000083800000, 0x0000000100000000)
  region size 1024K, 2 young (2048K), 2 survivors (2048K)
 Metaspace       used 35595K, committed 35968K, reserved 1114112K
  class space    used 4674K, committed 4864K, reserved 1048576K
}
Event: 7.044 GC heap before
{Heap before GC invocations=11 (full 0):
 garbage-first heap   total 55296K, used 41333K [0x0000000083800000, 0x0000000100000000)
  region size 1024K, 22 young (22528K), 2 survivors (2048K)
 Metaspace       used 41109K, committed 41536K, reserved 1114112K
  class space    used 5511K, committed 5696K, reserved 1048576K
}
Event: 7.048 GC heap after
{Heap after GC invocations=12 (full 0):
 garbage-first heap   total 55296K, used 23192K [0x0000000083800000, 0x0000000100000000)
  region size 1024K, 3 young (3072K), 3 survivors (3072K)
 Metaspace       used 41109K, committed 41536K, reserved 1114112K
  class space    used 5511K, committed 5696K, reserved 1048576K
}

Dll operation events (4 events):
Event: 0.045 Loaded shared library C:\Users\Admin\.jdks\jbr-17.0.12\bin\java.dll
Event: 0.074 Loaded shared library C:\Users\Admin\.jdks\jbr-17.0.12\bin\jsvml.dll
Event: 0.310 Loaded shared library C:\Users\Admin\.jdks\jbr-17.0.12\bin\zip.dll
Event: 6.418 Loaded shared library C:\Users\Admin\.jdks\jbr-17.0.12\bin\verify.dll

Deoptimization events (20 events):
Event: 7.736 Thread 0x0000028bc8968360 Uncommon trap: trap_request=0xffffffde fr.pc=0x0000028bf20f2b4c relative=0x00000000000001ac
Event: 7.736 Thread 0x0000028bc8968360 Uncommon trap: reason=class_check action=maybe_recompile pc=0x0000028bf20f2b4c method=sun.security.util.math.intpoly.IntegerPolynomial.multByInt([JJ)V @ 26 c2
Event: 7.736 Thread 0x0000028bc8968360 DEOPT PACKING pc=0x0000028bf20f2b4c sp=0x00000099526fe000
Event: 7.736 Thread 0x0000028bc8968360 DEOPT UNPACKING pc=0x0000028bf19ba1a3 sp=0x00000099526fdfb0 mode 2
Event: 7.736 Thread 0x0000028bc8968360 Uncommon trap: trap_request=0xffffffde fr.pc=0x0000028bf20f2b4c relative=0x00000000000001ac
Event: 7.736 Thread 0x0000028bc8968360 Uncommon trap: reason=class_check action=maybe_recompile pc=0x0000028bf20f2b4c method=sun.security.util.math.intpoly.IntegerPolynomial.multByInt([JJ)V @ 26 c2
Event: 7.736 Thread 0x0000028bc8968360 DEOPT PACKING pc=0x0000028bf20f2b4c sp=0x00000099526fe000
Event: 7.736 Thread 0x0000028bc8968360 DEOPT UNPACKING pc=0x0000028bf19ba1a3 sp=0x00000099526fdfb0 mode 2
Event: 7.736 Thread 0x0000028bc8968360 Uncommon trap: trap_request=0xffffffde fr.pc=0x0000028bf20f2b4c relative=0x00000000000001ac
Event: 7.736 Thread 0x0000028bc8968360 Uncommon trap: reason=class_check action=maybe_recompile pc=0x0000028bf20f2b4c method=sun.security.util.math.intpoly.IntegerPolynomial.multByInt([JJ)V @ 26 c2
Event: 7.736 Thread 0x0000028bc8968360 DEOPT PACKING pc=0x0000028bf20f2b4c sp=0x00000099526fe000
Event: 7.736 Thread 0x0000028bc8968360 DEOPT UNPACKING pc=0x0000028bf19ba1a3 sp=0x00000099526fdfb0 mode 2
Event: 7.736 Thread 0x0000028bc8968360 Uncommon trap: trap_request=0xffffffde fr.pc=0x0000028bf20f2b4c relative=0x00000000000001ac
Event: 7.736 Thread 0x0000028bc8968360 Uncommon trap: reason=class_check action=maybe_recompile pc=0x0000028bf20f2b4c method=sun.security.util.math.intpoly.IntegerPolynomial.multByInt([JJ)V @ 26 c2
Event: 7.736 Thread 0x0000028bc8968360 DEOPT PACKING pc=0x0000028bf20f2b4c sp=0x00000099526fe000
Event: 7.736 Thread 0x0000028bc8968360 DEOPT UNPACKING pc=0x0000028bf19ba1a3 sp=0x00000099526fdfb0 mode 2
Event: 7.745 Thread 0x0000028bc8968360 Uncommon trap: trap_request=0xffffff6e fr.pc=0x0000028bf20f6a74 relative=0x0000000000000274
Event: 7.745 Thread 0x0000028bc8968360 Uncommon trap: reason=loop_limit_check action=maybe_recompile pc=0x0000028bf20f6a74 method=java.math.BigInteger.implMulAdd([I[IIII)I @ 26 c2
Event: 7.745 Thread 0x0000028bc8968360 DEOPT PACKING pc=0x0000028bf20f6a74 sp=0x00000099526fdc70
Event: 7.745 Thread 0x0000028bc8968360 DEOPT UNPACKING pc=0x0000028bf19ba1a3 sp=0x00000099526fdbc0 mode 2

Classes loaded (20 events):
Event: 7.614 Loading class java/util/concurrent/locks/AbstractQueuedSynchronizer$ConditionNode
Event: 7.614 Loading class java/util/concurrent/locks/AbstractQueuedSynchronizer$Node
Event: 7.614 Loading class java/util/concurrent/locks/AbstractQueuedSynchronizer$Node done
Event: 7.614 Loading class java/util/concurrent/locks/AbstractQueuedSynchronizer$ConditionNode done
Event: 7.615 Loading class java/util/concurrent/ThreadPoolExecutor$CallerRunsPolicy
Event: 7.615 Loading class java/util/concurrent/ThreadPoolExecutor$CallerRunsPolicy done
Event: 7.616 Loading class java/util/concurrent/atomic/AtomicReferenceFieldUpdater
Event: 7.616 Loading class java/util/concurrent/atomic/AtomicReferenceFieldUpdater done
Event: 7.616 Loading class java/util/concurrent/atomic/AtomicReferenceFieldUpdater$AtomicReferenceFieldUpdaterImpl
Event: 7.617 Loading class java/util/concurrent/atomic/AtomicReferenceFieldUpdater$AtomicReferenceFieldUpdaterImpl done
Event: 7.617 Loading class java/util/concurrent/atomic/AtomicReferenceFieldUpdater$AtomicReferenceFieldUpdaterImpl$1
Event: 7.617 Loading class java/util/concurrent/atomic/AtomicReferenceFieldUpdater$AtomicReferenceFieldUpdaterImpl$1 done
Event: 7.617 Loading class java/util/concurrent/locks/AbstractQueuedSynchronizer$ExclusiveNode
Event: 7.617 Loading class java/util/concurrent/locks/AbstractQueuedSynchronizer$ExclusiveNode done
Event: 7.630 Loading class java/util/TimerTask
Event: 7.631 Loading class java/util/TimerTask done
Event: 7.680 Loading class java/lang/StringIndexOutOfBoundsException
Event: 7.680 Loading class java/lang/StringIndexOutOfBoundsException done
Event: 7.745 Loading class jdk/internal/reflect/UnsafeQualifiedStaticIntegerFieldAccessorImpl
Event: 7.745 Loading class jdk/internal/reflect/UnsafeQualifiedStaticIntegerFieldAccessorImpl done

Classes unloaded (0 events):
No events

Classes redefined (0 events):
No events

Internal exceptions (20 events):
Event: 4.579 Thread 0x0000028bc7822dc0 Exception <a 'java/lang/NoSuchMethodError'{0x0000000087ae7c78}: 'void java.lang.invoke.DirectMethodHandle$Holder.invokeVirtual(java.lang.Object, java.lang.Object, int)'> (0x0000000087ae7c78) 
thrown [s\src\hotspot\share\interpreter\linkResolver.cpp, line 771]
Event: 4.581 Thread 0x0000028bc7822dc0 Exception <a 'java/lang/NoSuchMethodError'{0x0000000087aedeb0}: 'void java.lang.invoke.DirectMethodHandle$Holder.invokeStatic(java.lang.Object, java.lang.Object, java.lang.Object, int, java.lang.Object)'> (0x0000000087aedeb0) 
thrown [s\src\hotspot\share\interpreter\linkResolver.cpp, line 771]
Event: 4.582 Thread 0x0000028bc7822dc0 Exception <a 'java/lang/NoSuchMethodError'{0x0000000087af53b8}: 'java.lang.Object java.lang.invoke.DirectMethodHandle$Holder.newInvokeSpecial(java.lang.Object, java.lang.Object, java.lang.Object, int)'> (0x0000000087af53b8) 
thrown [s\src\hotspot\share\interpreter\linkResolver.cpp, line 771]
Event: 4.583 Thread 0x0000028bc7822dc0 Exception <a 'java/lang/NoSuchMethodError'{0x0000000087af96a0}: 'java.lang.Object java.lang.invoke.DirectMethodHandle$Holder.invokeSpecial(java.lang.Object, java.lang.Object, java.lang.Object, java.lang.Object, int)'> (0x0000000087af96a0) 
thrown [s\src\hotspot\share\interpreter\linkResolver.cpp, line 771]
Event: 4.585 Thread 0x0000028bc7822dc0 Exception <a 'java/lang/NoSuchMethodError'{0x0000000087afd268}: 'java.lang.Object java.lang.invoke.Invokers$Holder.linkToTargetMethod(java.lang.Object, java.lang.Object, int, java.lang.Object)'> (0x0000000087afd268) 
thrown [s\src\hotspot\share\interpreter\linkResolver.cpp, line 771]
Event: 4.886 Thread 0x0000028bc7822dc0 Exception <a 'java/lang/NoSuchMethodError'{0x0000000086333120}: 'java.lang.Object java.lang.invoke.DirectMethodHandle$Holder.invokeStaticInit(java.lang.Object, int, int, int, int)'> (0x0000000086333120) 
thrown [s\src\hotspot\share\interpreter\linkResolver.cpp, line 771]
Event: 5.057 Thread 0x0000028bc7822dc0 Exception <a 'java/lang/NoSuchMethodError'{0x0000000086387270}: 'java.lang.Object java.lang.invoke.DirectMethodHandle$Holder.invokeStaticInit(java.lang.Object, java.lang.Object, int, int, int, int)'> (0x0000000086387270) 
thrown [s\src\hotspot\share\interpreter\linkResolver.cpp, line 771]
Event: 5.317 Thread 0x0000028bc7822dc0 Exception <a 'sun/nio/fs/WindowsException'{0x0000000085ce5568}> (0x0000000085ce5568) 
thrown [s\src\hotspot\share\prims\jni.cpp, line 531]
Event: 5.319 Thread 0x0000028bc7822dc0 Exception <a 'sun/nio/fs/WindowsException'{0x0000000085ceaf60}> (0x0000000085ceaf60) 
thrown [s\src\hotspot\share\prims\jni.cpp, line 531]
Event: 5.320 Thread 0x0000028bc7822dc0 Exception <a 'sun/nio/fs/WindowsException'{0x0000000085ceb638}> (0x0000000085ceb638) 
thrown [s\src\hotspot\share\prims\jni.cpp, line 531]
Event: 5.379 Thread 0x0000028bc7822dc0 Exception <a 'java/lang/NoSuchMethodError'{0x0000000085a26dd8}: 'java.lang.Object java.lang.invoke.DirectMethodHandle$Holder.invokeSpecial(java.lang.Object, java.lang.Object, long, java.lang.Object, java.lang.Object, java.lang.Object, java.lang.Object, java.lang.Object, java.lang.Object)'> (0x0000000085a26dd8) 
thrown [s\src\hotspot\share\interpreter\linkResolver.cpp, line 771]
Event: 5.379 Thread 0x0000028bc7822dc0 Exception <a 'java/lang/NoSuchMethodError'{0x0000000085a2b900}: 'java.lang.Object java.lang.invoke.DelegatingMethodHandle$Holder.reinvoke_L(java.lang.Object, long, java.lang.Object, java.lang.Object, java.lang.Object, java.lang.Object, java.lang.Object, java.lang.Object)'> (0x0000000085a2b900) 
thrown [s\src\hotspot\share\interpreter\linkResolver.cpp, line 771]
Event: 5.412 Thread 0x0000028bc7822dc0 Implicit null exception at 0x0000028bf1fbae38 to 0x0000028bf1fbde10
Event: 5.445 Thread 0x0000028bc7822dc0 Exception <a 'java/io/FileNotFoundException'{0x000000008b572448}> (0x000000008b572448) 
thrown [s\src\hotspot\share\prims\jni.cpp, line 531]
Event: 5.487 Thread 0x0000028bc7822dc0 Exception <a 'java/lang/NoSuchMethodError'{0x0000000087c10c28}: 'int java.lang.invoke.DirectMethodHandle$Holder.invokeInterface(java.lang.Object, java.lang.Object, java.lang.Object, java.lang.Object)'> (0x0000000087c10c28) 
thrown [s\src\hotspot\share\interpreter\linkResolver.cpp, line 771]
Event: 5.773 Thread 0x0000028bc7822dc0 Exception <a 'sun/nio/fs/WindowsException'{0x0000000086231dc8}> (0x0000000086231dc8) 
thrown [s\src\hotspot\share\prims\jni.cpp, line 531]
Event: 6.804 Thread 0x0000028bc7822dc0 Exception <a 'java/lang/NoSuchMethodError'{0x0000000085d2a648}: 'int java.lang.invoke.DirectMethodHandle$Holder.invokeStatic(java.lang.Object)'> (0x0000000085d2a648) 
thrown [s\src\hotspot\share\interpreter\linkResolver.cpp, line 771]
Event: 7.208 Thread 0x0000028bc7822dc0 Exception <a 'sun/nio/fs/WindowsException'{0x0000000087c30c10}> (0x0000000087c30c10) 
thrown [s\src\hotspot\share\prims\jni.cpp, line 531]
Event: 7.233 Thread 0x0000028bc7822dc0 Exception <a 'java/lang/NoSuchMethodError'{0x0000000087c511d8}: 'int java.lang.invoke.DirectMethodHandle$Holder.invokeStaticInit(java.lang.Object, java.lang.Object, java.lang.Object, java.lang.Object)'> (0x0000000087c511d8) 
thrown [s\src\hotspot\share\interpreter\linkResolver.cpp, line 771]
Event: 7.684 Thread 0x0000028bc7822dc0 Exception <a 'java/lang/NoSuchMethodError'{0x00000000878d0288}: 'java.lang.Object java.lang.invoke.DirectMethodHandle$Holder.invokeStaticInit(java.lang.Object, java.lang.Object, java.lang.Object, java.lang.Object)'> (0x00000000878d0288) 
thrown [s\src\hotspot\share\interpreter\linkResolver.cpp, line 771]

VM Operations (20 events):
Event: 5.635 Executing VM operation: HandshakeAllThreads
Event: 5.635 Executing VM operation: HandshakeAllThreads done
Event: 5.701 Executing VM operation: ICBufferFull
Event: 5.702 Executing VM operation: ICBufferFull done
Event: 6.122 Executing VM operation: G1CollectForAllocation
Event: 6.126 Executing VM operation: G1CollectForAllocation done
Event: 6.325 Executing VM operation: CollectForMetadataAllocation
Event: 6.327 Executing VM operation: CollectForMetadataAllocation done
Event: 6.352 Executing VM operation: G1PauseRemark
Event: 6.355 Executing VM operation: G1PauseRemark done
Event: 6.365 Executing VM operation: G1PauseCleanup
Event: 6.366 Executing VM operation: G1PauseCleanup done
Event: 7.044 Executing VM operation: G1CollectForAllocation
Event: 7.048 Executing VM operation: G1CollectForAllocation done
Event: 7.212 Executing VM operation: HandshakeAllThreads
Event: 7.212 Executing VM operation: HandshakeAllThreads done
Event: 7.223 Executing VM operation: HandshakeAllThreads
Event: 7.223 Executing VM operation: HandshakeAllThreads done
Event: 7.488 Executing VM operation: HandshakeAllThreads
Event: 7.488 Executing VM operation: HandshakeAllThreads done

Events (20 events):
Event: 0.322 Loaded shared library C:\Users\Admin\.jdks\jbr-17.0.12\bin\net.dll
Event: 0.327 Loaded shared library C:\Users\Admin\.jdks\jbr-17.0.12\bin\nio.dll
Event: 0.329 Loaded shared library C:\Users\Admin\.jdks\jbr-17.0.12\bin\zip.dll
Event: 0.526 Loaded shared library D:\IntelliJ IDEA Community Edition 2024.3\bin\breakgen64.dll
Event: 0.526 Thread 0x0000028bff9dd760 Thread added: 0x0000028bff9dd760
Event: 0.526 Thread 0x0000028bff9ddc40 Thread added: 0x0000028bff9ddc40
Event: 0.538 Loaded shared library C:\Users\Admin\.jdks\jbr-17.0.12\bin\extnet.dll
Event: 0.575 Loaded shared library C:\Users\Admin\.jdks\jbr-17.0.12\bin\jimage.dll
Event: 0.855 Loaded shared library C:\Users\Admin\.jdks\jbr-17.0.12\bin\management.dll
Event: 0.857 Loaded shared library C:\Users\Admin\.jdks\jbr-17.0.12\bin\management_ext.dll
Event: 0.898 Thread 0x0000028bc7822460 Thread added: 0x0000028bc7822460
Event: 0.904 Thread 0x0000028bc7822dc0 Thread added: 0x0000028bc7822dc0
Event: 1.262 Thread 0x0000028bc789e4a0 Thread added: 0x0000028bc789e4a0
Event: 1.700 Loaded shared library C:\Users\Admin\.jdks\jbr-17.0.12\bin\sunmscapi.dll
Event: 1.709 Thread 0x0000028bc789e4a0 Thread exited: 0x0000028bc789e4a0
Event: 2.055 Thread 0x0000028bc844a8f0 Thread added: 0x0000028bc844a8f0
Event: 2.182 Thread 0x0000028bc844a8f0 Thread exited: 0x0000028bc844a8f0
Event: 5.636 Thread 0x0000028bc8969cb0 Thread added: 0x0000028bc8969cb0
Event: 7.613 Thread 0x0000028bc89697a0 Thread added: 0x0000028bc89697a0
Event: 7.724 Thread 0x0000028bc8968360 Thread added: 0x0000028bc8968360


Dynamic libraries:
0x00007ff7feee0000 - 0x00007ff7feeea000 	C:\Users\Admin\.jdks\jbr-17.0.12\bin\java.exe
0x00007ffed6770000 - 0x00007ffed6987000 	C:\Windows\SYSTEM32\ntdll.dll
0x00007ffed4d40000 - 0x00007ffed4e04000 	C:\Windows\System32\KERNEL32.DLL
0x00007ffed3da0000 - 0x00007ffed4159000 	C:\Windows\System32\KERNELBASE.dll
0x00007ffed4190000 - 0x00007ffed42a1000 	C:\Windows\System32\ucrtbase.dll
0x00007ffecfac0000 - 0x00007ffecfad7000 	C:\Users\Admin\.jdks\jbr-17.0.12\bin\jli.dll
0x00007ffecfc70000 - 0x00007ffecfc8b000 	C:\Users\Admin\.jdks\jbr-17.0.12\bin\VCRUNTIME140.dll
0x00007ffed6570000 - 0x00007ffed671e000 	C:\Windows\System32\USER32.dll
0x00007ffed3bb0000 - 0x00007ffed3bd6000 	C:\Windows\System32\win32u.dll
0x00007ffed5820000 - 0x00007ffed5849000 	C:\Windows\System32\GDI32.dll
0x00007ffed3be0000 - 0x00007ffed3cfb000 	C:\Windows\System32\gdi32full.dll
0x00007ffeb8f30000 - 0x00007ffeb91c2000 	C:\Windows\WinSxS\amd64_microsoft.windows.common-controls_6595b64144ccf1df_6.0.22621.4391_none_2715d37f73803e96\COMCTL32.dll
0x00007ffed3d00000 - 0x00007ffed3d9a000 	C:\Windows\System32\msvcp_win.dll
0x00007ffed4a80000 - 0x00007ffed4b27000 	C:\Windows\System32\msvcrt.dll
0x00007ffed5350000 - 0x00007ffed5381000 	C:\Windows\System32\IMM32.DLL
0x00007ffecfc60000 - 0x00007ffecfc6c000 	C:\Users\Admin\.jdks\jbr-17.0.12\bin\vcruntime140_1.dll
0x00007ffec0580000 - 0x00007ffec060d000 	C:\Users\Admin\.jdks\jbr-17.0.12\bin\msvcp140.dll
0x00007ffe5dcc0000 - 0x00007ffe5e94a000 	C:\Users\Admin\.jdks\jbr-17.0.12\bin\server\jvm.dll
0x00007ffed4ba0000 - 0x00007ffed4c52000 	C:\Windows\System32\ADVAPI32.dll
0x00007ffed5550000 - 0x00007ffed55f7000 	C:\Windows\System32\sechost.dll
0x00007ffed4160000 - 0x00007ffed4188000 	C:\Windows\System32\bcrypt.dll
0x00007ffed5700000 - 0x00007ffed5814000 	C:\Windows\System32\RPCRT4.dll
0x00007ffed4c60000 - 0x00007ffed4cd1000 	C:\Windows\System32\WS2_32.dll
0x00007ffed28d0000 - 0x00007ffed291d000 	C:\Windows\SYSTEM32\POWRPROF.dll
0x00007ffecc070000 - 0x00007ffecc07a000 	C:\Windows\SYSTEM32\VERSION.dll
0x00007ffecbdd0000 - 0x00007ffecbe04000 	C:\Windows\SYSTEM32\WINMM.dll
0x00007ffed28b0000 - 0x00007ffed28c3000 	C:\Windows\SYSTEM32\UMPDC.dll
0x00007ffed2b70000 - 0x00007ffed2b88000 	C:\Windows\SYSTEM32\kernel.appcore.dll
0x00007ffecfaf0000 - 0x00007ffecfafa000 	C:\Users\Admin\.jdks\jbr-17.0.12\bin\jimage.dll
0x00007ffecba90000 - 0x00007ffecbcc2000 	C:\Windows\SYSTEM32\DBGHELP.DLL
0x00007ffed4590000 - 0x00007ffed491f000 	C:\Windows\System32\combase.dll
0x00007ffed49a0000 - 0x00007ffed4a77000 	C:\Windows\System32\OLEAUT32.dll
0x00007ffec16d0000 - 0x00007ffec1702000 	C:\Windows\SYSTEM32\dbgcore.DLL
0x00007ffed3b30000 - 0x00007ffed3bab000 	C:\Windows\System32\bcryptPrimitives.dll
0x00007ffecf940000 - 0x00007ffecf94e000 	C:\Users\Admin\.jdks\jbr-17.0.12\bin\instrument.dll
0x00007ffec1c20000 - 0x00007ffec1c45000 	C:\Users\Admin\.jdks\jbr-17.0.12\bin\java.dll
0x00007ffebf0f0000 - 0x00007ffebf1c7000 	C:\Users\Admin\.jdks\jbr-17.0.12\bin\jsvml.dll
0x00007ffed5850000 - 0x00007ffed60c6000 	C:\Windows\System32\SHELL32.dll
0x00007ffed1970000 - 0x00007ffed2273000 	C:\Windows\SYSTEM32\windows.storage.dll
0x00007ffed1830000 - 0x00007ffed196f000 	C:\Windows\SYSTEM32\wintypes.dll
0x00007ffed5600000 - 0x00007ffed56f9000 	C:\Windows\System32\SHCORE.dll
0x00007ffed4ce0000 - 0x00007ffed4d3e000 	C:\Windows\System32\shlwapi.dll
0x00007ffed39a0000 - 0x00007ffed39cb000 	C:\Windows\SYSTEM32\profapi.dll
0x00007ffecbf30000 - 0x00007ffecbf48000 	C:\Users\Admin\.jdks\jbr-17.0.12\bin\zip.dll
0x00007ffecbd50000 - 0x00007ffecbd69000 	C:\Users\Admin\.jdks\jbr-17.0.12\bin\net.dll
0x00007ffed03b0000 - 0x00007ffed04e6000 	C:\Windows\SYSTEM32\WINHTTP.dll
0x00007ffed3020000 - 0x00007ffed3089000 	C:\Windows\system32\mswsock.dll
0x00007ffec1d20000 - 0x00007ffec1d36000 	C:\Users\Admin\.jdks\jbr-17.0.12\bin\nio.dll
0x00007ffec1bb0000 - 0x00007ffec1bca000 	D:\IntelliJ IDEA Community Edition 2024.3\bin\breakgen64.dll
0x00007ffecf7c0000 - 0x00007ffecf7c9000 	C:\Users\Admin\.jdks\jbr-17.0.12\bin\extnet.dll
0x00007ffecf690000 - 0x00007ffecf699000 	C:\Users\Admin\.jdks\jbr-17.0.12\bin\management.dll
0x00007ffecf660000 - 0x00007ffecf66b000 	C:\Users\Admin\.jdks\jbr-17.0.12\bin\management_ext.dll
0x00007ffed6720000 - 0x00007ffed6728000 	C:\Windows\System32\PSAPI.DLL
0x00007ffecbcd0000 - 0x00007ffecbcde000 	C:\Users\Admin\.jdks\jbr-17.0.12\bin\sunmscapi.dll
0x00007ffed4320000 - 0x00007ffed4486000 	C:\Windows\System32\CRYPT32.dll
0x00007ffed3430000 - 0x00007ffed345d000 	C:\Windows\SYSTEM32\ncrypt.dll
0x00007ffed33f0000 - 0x00007ffed3427000 	C:\Windows\SYSTEM32\NTASN1.dll
0x00007ffed3270000 - 0x00007ffed328b000 	C:\Windows\SYSTEM32\CRYPTSP.dll
0x00007ffed2ad0000 - 0x00007ffed2b05000 	C:\Windows\system32\rsaenh.dll
0x00007ffed3110000 - 0x00007ffed3138000 	C:\Windows\SYSTEM32\USERENV.dll
0x00007ffed3290000 - 0x00007ffed329c000 	C:\Windows\SYSTEM32\CRYPTBASE.dll
0x00007ffed2550000 - 0x00007ffed257d000 	C:\Windows\SYSTEM32\IPHLPAPI.DLL
0x00007ffed6560000 - 0x00007ffed6569000 	C:\Windows\System32\NSI.dll
0x00007ffed0230000 - 0x00007ffed0249000 	C:\Windows\SYSTEM32\dhcpcsvc6.DLL
0x00007ffed0210000 - 0x00007ffed022f000 	C:\Windows\SYSTEM32\dhcpcsvc.DLL
0x00007ffed2580000 - 0x00007ffed2682000 	C:\Windows\SYSTEM32\DNSAPI.dll
0x00007ffecb500000 - 0x00007ffecb510000 	C:\Users\Admin\.jdks\jbr-17.0.12\bin\verify.dll
0x00007ffecf2c0000 - 0x00007ffecf2ca000 	C:\Windows\System32\rasadhlp.dll
0x00007ffecf330000 - 0x00007ffecf3b3000 	C:\Windows\System32\fwpuclnt.dll

dbghelp: loaded successfully - version: 4.0.5 - missing functions: none
symbol engine: initialized successfully - sym options: 0x614 - pdb path: .;C:\Users\Admin\.jdks\jbr-17.0.12\bin;C:\Windows\SYSTEM32;C:\Windows\WinSxS\amd64_microsoft.windows.common-controls_6595b64144ccf1df_6.0.22621.4391_none_2715d37f73803e96;C:\Users\Admin\.jdks\jbr-17.0.12\bin\server;D:\IntelliJ IDEA Community Edition 2024.3\bin

VM Arguments:
jvm_args: -javaagent:D:\IntelliJ IDEA Community Edition 2024.3\lib\idea_rt.jar=56160:D:\IntelliJ IDEA Community Edition 2024.3\bin -Dfile.encoding=UTF-8 
java_command: com.springboot.CinemaSystem.CinemaSystemApplication
java_class_path (initial): D:\CinemaSystem_BE\target\classes;C:\Users\Admin\.m2\repository\org\springframework\boot\spring-boot-starter-data-jpa\3.3.5\spring-boot-starter-data-jpa-3.3.5.jar;C:\Users\Admin\.m2\repository\org\springframework\boot\spring-boot-starter-aop\3.3.5\spring-boot-starter-aop-3.3.5.jar;C:\Users\Admin\.m2\repository\org\aspectj\aspectjweaver\1.9.22.1\aspectjweaver-1.9.22.1.jar;C:\Users\Admin\.m2\repository\org\springframework\boot\spring-boot-starter-jdbc\3.3.5\spring-boot-starter-jdbc-3.3.5.jar;C:\Users\Admin\.m2\repository\com\zaxxer\HikariCP\5.1.0\HikariCP-5.1.0.jar;C:\Users\Admin\.m2\repository\org\springframework\spring-jdbc\6.1.14\spring-jdbc-6.1.14.jar;C:\Users\Admin\.m2\repository\org\hibernate\orm\hibernate-core\6.5.3.Final\hibernate-core-6.5.3.Final.jar;C:\Users\Admin\.m2\repository\jakarta\persistence\jakarta.persistence-api\3.1.0\jakarta.persistence-api-3.1.0.jar;C:\Users\Admin\.m2\repository\jakarta\transaction\jakarta.transaction-api\2.0.1\jakarta.transaction-api-2.0.1.jar;C:\Users\Admin\.m2\repository\org\jboss\logging\jboss-logging\3.5.3.Final\jboss-logging-3.5.3.Final.jar;C:\Users\Admin\.m2\repository\org\hibernate\common\hibernate-commons-annotations\6.0.6.Final\hibernate-commons-annotations-6.0.6.Final.jar;C:\Users\Admin\.m2\repository\io\smallrye\jandex\3.1.2\jandex-3.1.2.jar;C:\Users\Admin\.m2\repository\com\fasterxml\classmate\1.7.0\classmate-1.7.0.jar;C:\Users\Admin\.m2\repository\net\bytebuddy\byte-buddy\1.14.19\byte-buddy-1.14.19.jar;C:\Users\Admin\.m2\repository\org\glassfish\jaxb\jaxb-runtime\4.0.5\jaxb-runtime-4.0.5.jar;C:\Users\Admin\.m2\repository\org\glassfish\jaxb\jaxb-core\4.0.5\jaxb-core-4.0.5.jar;C:\Users\Admin\.m2\repository\org\eclipse\angus\angus-activation\2.0.2\angus-activation-2.0.2.jar;C:\Users\Admin\.m2\repository\org\glassfish\jaxb\txw2\4.0.5\txw2-4.0.5.jar;C:\Users\Admin\.m2\repository\com\sun\istack\istack-commons-runtime\4.1.2\istack-commons-runtime-4.1.2.jar;C:\Users\Admin\.m2\repository\jakarta\
Launcher Type: SUN_STANDARD

[Global flags]
     intx CICompilerCount                          = 4                                         {product} {ergonomic}
     uint ConcGCThreads                            = 2                                         {product} {ergonomic}
     uint G1ConcRefinementThreads                  = 8                                         {product} {ergonomic}
   size_t G1HeapRegionSize                         = 1048576                                   {product} {ergonomic}
    uintx GCDrainStackTargetSize                   = 64                                        {product} {ergonomic}
   size_t InitialHeapSize                          = 132120576                                 {product} {ergonomic}
   size_t MarkStackSize                            = 4194304                                   {product} {ergonomic}
   size_t MaxHeapSize                              = 2088763392                                {product} {ergonomic}
   size_t MaxNewSize                               = 1253048320                                {product} {ergonomic}
   size_t MinHeapDeltaBytes                        = 1048576                                   {product} {ergonomic}
   size_t MinHeapSize                              = 8388608                                   {product} {ergonomic}
    uintx NonNMethodCodeHeapSize                   = 5839372                                {pd product} {ergonomic}
    uintx NonProfiledCodeHeapSize                  = 122909434                              {pd product} {ergonomic}
    uintx ProfiledCodeHeapSize                     = 122909434                              {pd product} {ergonomic}
    uintx ReservedCodeCacheSize                    = 251658240                              {pd product} {ergonomic}
     bool SegmentedCodeCache                       = true                                      {product} {ergonomic}
   size_t SoftMaxHeapSize                          = 2088763392                             {manageable} {ergonomic}
     bool UseCompressedClassPointers               = true                           {product lp64_product} {ergonomic}
     bool UseCompressedOops                        = true                           {product lp64_product} {ergonomic}
     bool UseG1GC                                  = true                                      {product} {ergonomic}
     bool UseLargePagesIndividualAllocation        = false                                  {pd product} {ergonomic}

Logging:
Log output configuration:
 #0: stdout all=warning uptime,level,tags
 #1: stderr all=off uptime,level,tags

Environment Variables:
PATH=C:\Program Files\Common Files\Oracle\Java\javapath;C:\Windows\system32;C:\Windows;C:\Windows\System32\Wbem;C:\Windows\System32\WindowsPowerShell\v1.0\;C:\Windows\System32\OpenSSH\;C:\Program Files (x86)\ZeroTier\One\;C:\Program Files\dotnet\;C:\Program Files\Git\cmd;D:\;C:\Users\Admin\AppData\Local\Microsoft\WindowsApps;;C:\Users\Admin\AppData\Local\Programs\Microsoft VS Code\bin;D:\IntelliJ IDEA 2024.2.3\bin;;C:\Users\Admin\AppData\Roaming\npm
USERNAME=Admin
OS=Windows_NT
PROCESSOR_IDENTIFIER=Intel64 Family 6 Model 126 Stepping 5, GenuineIntel
TMP=C:\Users\Admin\AppData\Local\Temp
TEMP=C:\Users\Admin\AppData\Local\Temp



Periodic native trim disabled

JNI global refs:
JNI global refs: 16, weak refs: 0

JNI global refs memory usage: 843, weak refs: 841

Process memory usage:
Resident Set Size: 207380K (2% of 8159224K total physical memory with 274520K free physical memory)

OOME stack traces (most recent first):
Classloader memory used:
