#
# There is insufficient memory for the Java Runtime Environment to continue.
# Native memory allocation (malloc) failed to allocate 1527056 bytes. Error detail: Chunk::new
# Possible reasons:
#   The system is out of physical RAM or swap space
#   This process is running with CompressedOops enabled, and the Java Heap may be blocking the growth of the native heap
# Possible solutions:
#   Reduce memory load on the system
#   Increase physical memory or swap space
#   Check if swap backing store is full
#   Decrease Java heap size (-Xmx/-Xms)
#   Decrease number of Java threads
#   Decrease Java thread stack sizes (-Xss)
#   Set larger code cache with -XX:ReservedCodeCacheSize=
#   JVM is running with Unscaled Compressed Oops mode in which the Java heap is
#     placed in the first 4GB address space. The Java Heap base address is the
#     maximum limit for the native heap growth. Please use -XX:HeapBaseMinAddress
#     to set the Java Heap base and to place the Java Heap above 4GB virtual address.
# This output file may be truncated or incomplete.
#
#  Out of Memory Error (arena.cpp:191), pid=115116, tid=100604
#
# JRE version: OpenJDK Runtime Environment JBR-17.0.12+1-1207.37-nomod (17.0.12+1) (build 17.0.12+1-b1207.37)
# Java VM: OpenJDK 64-Bit Server VM JBR-17.0.12+1-1207.37-nomod (17.0.12+1-b1207.37, mixed mode, sharing, tiered, compressed oops, compressed class ptrs, g1 gc, windows-amd64)
# No core dump will be written. Minidumps are not enabled by default on client versions of Windows
#

---------------  S U M M A R Y ------------

Command Line: -javaagent:D:\IntelliJ IDEA Community Edition 2024.3\lib\idea_rt.jar=55156:D:\IntelliJ IDEA Community Edition 2024.3\bin -Dfile.encoding=UTF-8 com.springboot.CinemaSystem.CinemaSystemApplication

Host: Intel(R) Core(TM) i5-1035G1 CPU @ 1.00GHz, 8 cores, 7G,  Windows 11 , 64 bit Build 22621 (10.0.22621.4391)
Time: Tue Dec 17 14:10:43 2024 SE Asia Standard Time elapsed time: 525.648123 seconds (0d 0h 8m 45s)

---------------  T H R E A D  ---------------

Current thread (0x000002745eaaf7d0):  JavaThread "C2 CompilerThread0" daemon [_thread_in_native, id=100604, stack(0x000000ecc9e00000,0x000000ecc9f00000)]


Current CompileTask:
C2: 525648 16810       4       org.hibernate.sql.ast.tree.expression.ColumnReference::<init> (100 bytes)

Stack: [0x000000ecc9e00000,0x000000ecc9f00000]
Native frames: (J=compiled Java code, j=interpreted, Vv=VM code, C=native code)
V  [jvm.dll+0x689d89]
V  [jvm.dll+0x84386a]
V  [jvm.dll+0x8454ee]
V  [jvm.dll+0x845b53]
V  [jvm.dll+0x24a56f]
V  [jvm.dll+0xac9e4]
V  [jvm.dll+0xad02c]
V  [jvm.dll+0x36a6a2]
V  [jvm.dll+0x334b8a]
V  [jvm.dll+0x33402a]
V  [jvm.dll+0x21bfb1]
V  [jvm.dll+0x21b3f1]
V  [jvm.dll+0x1a68ed]
V  [jvm.dll+0x22b2de]
V  [jvm.dll+0x229445]
V  [jvm.dll+0x7f7917]
V  [jvm.dll+0x7f1cec]
V  [jvm.dll+0x688be7]
C  [ucrtbase.dll+0x29333]
C  [KERNEL32.DLL+0x1259d]
C  [ntdll.dll+0x5af38]


---------------  P R O C E S S  ---------------

Threads class SMR info:
_java_thread_list=0x0000027463c4b680, length=40, elements={
0x000002745ea95a60, 0x000002745ea96a30, 0x000002745eaa85b0, 0x000002745eaa9080,
0x000002745eaada60, 0x000002745eaae420, 0x000002745eaaf7d0, 0x000002745eabb8a0,
0x000002745eabc3b0, 0x000002745ea814b0, 0x0000027463370d50, 0x00000274633f5d60,
0x0000027466dd0cc0, 0x0000027466dd2610, 0x0000027466dd1bf0, 0x0000027466dd16e0,
0x0000027466dd2100, 0x0000027466dd2b20, 0x000002746a22de10, 0x000002746a2310b0,
0x000002746a233420, 0x000002746a234d70, 0x000002746a22fc70, 0x000002746a2324f0,
0x000002746a231ad0, 0x000002746a2315c0, 0x000002746a233930, 0x000002746a232a00,
0x000002746a22f250, 0x000002746a22e830, 0x000002746a230180, 0x000002746a235280,
0x000002746a22f760, 0x000002746a232f10, 0x000002746a233e40, 0x000002746a230690,
0x000002746a230ba0, 0x000002746a231fe0, 0x000002746a234350, 0x000002746a22ed40
}

Java Threads: ( => current thread )
  0x000002745ea95a60 JavaThread "Reference Handler" daemon [_thread_blocked, id=109428, stack(0x000000ecc9800000,0x000000ecc9900000)]
  0x000002745ea96a30 JavaThread "Finalizer" daemon [_thread_blocked, id=120980, stack(0x000000ecc9900000,0x000000ecc9a00000)]
  0x000002745eaa85b0 JavaThread "Signal Dispatcher" daemon [_thread_blocked, id=109272, stack(0x000000ecc9a00000,0x000000ecc9b00000)]
  0x000002745eaa9080 JavaThread "Attach Listener" daemon [_thread_blocked, id=81764, stack(0x000000ecc9b00000,0x000000ecc9c00000)]
  0x000002745eaada60 JavaThread "Service Thread" daemon [_thread_blocked, id=77684, stack(0x000000ecc9c00000,0x000000ecc9d00000)]
  0x000002745eaae420 JavaThread "Monitor Deflation Thread" daemon [_thread_blocked, id=93252, stack(0x000000ecc9d00000,0x000000ecc9e00000)]
=>0x000002745eaaf7d0 JavaThread "C2 CompilerThread0" daemon [_thread_in_native, id=100604, stack(0x000000ecc9e00000,0x000000ecc9f00000)]
  0x000002745eabb8a0 JavaThread "C1 CompilerThread0" daemon [_thread_in_native, id=122396, stack(0x000000ecc9f00000,0x000000ecca000000)]
  0x000002745eabc3b0 JavaThread "Sweeper thread" daemon [_thread_blocked, id=107420, stack(0x000000ecca000000,0x000000ecca100000)]
  0x000002745ea814b0 JavaThread "Common-Cleaner" daemon [_thread_blocked, id=118472, stack(0x000000ecca100000,0x000000ecca200000)]
  0x0000027463370d50 JavaThread "Monitor Ctrl-Break" daemon [_thread_in_native, id=116424, stack(0x000000ecca300000,0x000000ecca400000)]
  0x00000274633f5d60 JavaThread "Notification Thread" daemon [_thread_blocked, id=118336, stack(0x000000ecca400000,0x000000ecca500000)]
  0x0000027466dd0cc0 JavaThread "mysql-cj-abandoned-connection-cleanup" daemon [_thread_blocked, id=104104, stack(0x000000eccb300000,0x000000eccb400000)]
  0x0000027466dd2610 JavaThread "HikariPool-1 housekeeper" daemon [_thread_blocked, id=121216, stack(0x000000eccb500000,0x000000eccb600000)]
  0x0000027466dd1bf0 JavaThread "Catalina-utility-1" [_thread_blocked, id=84068, stack(0x000000eccb000000,0x000000eccb100000)]
  0x0000027466dd16e0 JavaThread "Catalina-utility-2" [_thread_blocked, id=109284, stack(0x000000eccb700000,0x000000eccb800000)]
  0x0000027466dd2100 JavaThread "container-0" [_thread_blocked, id=111540, stack(0x000000eccb800000,0x000000eccb900000)]
  0x0000027466dd2b20 JavaThread "File Watcher" daemon [_thread_blocked, id=11820, stack(0x000000eccb900000,0x000000eccba00000)]
  0x000002746a22de10 JavaThread "Live Reload Server" daemon [_thread_in_native, id=119420, stack(0x000000eccbb00000,0x000000eccbc00000)]
  0x000002746a2310b0 JavaThread "MessageBroker-1" [_thread_blocked, id=99148, stack(0x000000eccba00000,0x000000eccbb00000)]
  0x000002746a233420 JavaThread "http-nio-8080-exec-1" daemon [_thread_blocked, id=119056, stack(0x000000eccbc00000,0x000000eccbd00000)]
  0x000002746a234d70 JavaThread "http-nio-8080-exec-2" daemon [_thread_blocked, id=120560, stack(0x000000eccbd00000,0x000000eccbe00000)]
  0x000002746a22fc70 JavaThread "http-nio-8080-exec-3" daemon [_thread_blocked, id=109792, stack(0x000000eccbe00000,0x000000eccbf00000)]
  0x000002746a2324f0 JavaThread "http-nio-8080-exec-4" daemon [_thread_blocked, id=122732, stack(0x000000eccbf00000,0x000000eccc000000)]
  0x000002746a231ad0 JavaThread "http-nio-8080-exec-5" daemon [_thread_blocked, id=111988, stack(0x000000eccc000000,0x000000eccc100000)]
  0x000002746a2315c0 JavaThread "http-nio-8080-exec-6" daemon [_thread_blocked, id=119968, stack(0x000000eccc100000,0x000000eccc200000)]
  0x000002746a233930 JavaThread "http-nio-8080-exec-7" daemon [_thread_blocked, id=99812, stack(0x000000eccc200000,0x000000eccc300000)]
  0x000002746a232a00 JavaThread "http-nio-8080-exec-8" daemon [_thread_blocked, id=114832, stack(0x000000eccc300000,0x000000eccc400000)]
  0x000002746a22f250 JavaThread "http-nio-8080-exec-9" daemon [_thread_blocked, id=118176, stack(0x000000eccc400000,0x000000eccc500000)]
  0x000002746a22e830 JavaThread "http-nio-8080-exec-10" daemon [_thread_in_Java, id=38440, stack(0x000000eccc500000,0x000000eccc600000)]
  0x000002746a230180 JavaThread "http-nio-8080-Poller" daemon [_thread_in_native, id=119856, stack(0x000000eccb600000,0x000000eccb700000)]
  0x000002746a235280 JavaThread "http-nio-8080-Acceptor" daemon [_thread_in_native, id=104376, stack(0x000000eccc600000,0x000000eccc700000)]
  0x000002746a22f760 JavaThread "MessageBroker-2" [_thread_blocked, id=109412, stack(0x000000eccc700000,0x000000eccc800000)]
  0x000002746a232f10 JavaThread "MessageBroker-3" [_thread_blocked, id=64152, stack(0x000000eccc800000,0x000000eccc900000)]
  0x000002746a233e40 JavaThread "MessageBroker-4" [_thread_blocked, id=20264, stack(0x000000eccc900000,0x000000eccca00000)]
  0x000002746a230690 JavaThread "DestroyJavaVM" [_thread_blocked, id=34508, stack(0x000000ecc9100000,0x000000ecc9200000)]
  0x000002746a230ba0 JavaThread "MessageBroker-7" [_thread_blocked, id=90812, stack(0x000000ecca700000,0x000000ecca800000)]
  0x000002746a231fe0 JavaThread "MessageBroker-6" [_thread_blocked, id=119004, stack(0x000000eccca00000,0x000000ecccb00000)]
  0x000002746a234350 JavaThread "MessageBroker-5" [_thread_blocked, id=111884, stack(0x000000ecccb00000,0x000000ecccc00000)]
  0x000002746a22ed40 JavaThread "MessageBroker-8" [_thread_blocked, id=108496, stack(0x000000ecc8e00000,0x000000ecc8f00000)]

Other Threads:
  0x000002745ea92390 VMThread "VM Thread" [stack: 0x000000ecc9700000,0x000000ecc9800000] [id=104904]
  0x00000274633716e0 WatcherThread [stack: 0x000000ecca500000,0x000000ecca600000] [id=107780]
  0x0000027444bcbb00 GCTaskThread "GC Thread#0" [stack: 0x000000ecc9200000,0x000000ecc9300000] [id=118164]
  0x0000027463b2c5a0 GCTaskThread "GC Thread#1" [stack: 0x000000ecca800000,0x000000ecca900000] [id=107532]
  0x0000027463b2c860 GCTaskThread "GC Thread#2" [stack: 0x000000ecca900000,0x000000eccaa00000] [id=112064]
  0x0000027463b2cf30 GCTaskThread "GC Thread#3" [stack: 0x000000eccaa00000,0x000000eccab00000] [id=104344]
  0x0000027463b2d1f0 GCTaskThread "GC Thread#4" [stack: 0x000000eccab00000,0x000000eccac00000] [id=95824]
  0x0000027463b2e340 GCTaskThread "GC Thread#5" [stack: 0x000000eccac00000,0x000000eccad00000] [id=74632]
  0x000002746464dde0 GCTaskThread "GC Thread#6" [stack: 0x000000eccae00000,0x000000eccaf00000] [id=120936]
  0x0000027464163b50 GCTaskThread "GC Thread#7" [stack: 0x000000eccaf00000,0x000000eccb000000] [id=109564]
  0x0000027444bd4c90 ConcurrentGCThread "G1 Main Marker" [stack: 0x000000ecc9300000,0x000000ecc9400000] [id=119320]
  0x0000027444bdd5c0 ConcurrentGCThread "G1 Conc#0" [stack: 0x000000ecc9400000,0x000000ecc9500000] [id=103524]
  0x0000027464889d80 ConcurrentGCThread "G1 Conc#1" [stack: 0x000000eccad00000,0x000000eccae00000] [id=118120]
  0x0000027444c1d6d0 ConcurrentGCThread "G1 Refine#0" [stack: 0x000000ecc9500000,0x000000ecc9600000] [id=107324]
  0x0000027464d55110 ConcurrentGCThread "G1 Refine#1" [stack: 0x000000eccb100000,0x000000eccb200000] [id=82984]
  0x00000274655a6450 ConcurrentGCThread "G1 Refine#2" [stack: 0x000000eccb200000,0x000000eccb300000] [id=119992]
  0x0000027444c1e100 ConcurrentGCThread "G1 Service" [stack: 0x000000ecc9600000,0x000000ecc9700000] [id=99928]

Threads with active compile tasks:
C2 CompilerThread0   525860 16810       4       org.hibernate.sql.ast.tree.expression.ColumnReference::<init> (100 bytes)
C1 CompilerThread0   525860 16832       3       org.apache.tomcat.util.buf.ByteChunk::append (17 bytes)

VM state: not at safepoint (normal execution)

VM Mutex/Monitor currently owned by a thread: None

Heap address: 0x0000000083800000, size: 1992 MB, Compressed Oops mode: 32-bit

CDS archive(s) mapped at: [0x0000027400000000-0x0000027400c00000-0x0000027400c00000), size 12582912, SharedBaseAddress: 0x0000027400000000, ArchiveRelocationMode: 1.
Compressed class space mapped at: 0x0000027401000000-0x0000027441000000, reserved size: 1073741824
Narrow klass base: 0x0000027400000000, Narrow klass shift: 0, Narrow klass range: 0x100000000

GC Precious Log:
 CPUs: 8 total, 8 available
 Memory: 7967M
 Large Page Support: Disabled
 NUMA Support: Disabled
 Compressed Oops: Enabled (32-bit)
 Heap Region Size: 1M
 Heap Min Capacity: 8M
 Heap Initial Capacity: 126M
 Heap Max Capacity: 1992M
 Pre-touch: Disabled
 Parallel Workers: 8
 Concurrent Workers: 2
 Concurrent Refinement Workers: 8
 Periodic GC: Disabled

Heap:
 garbage-first heap   total 142336K, used 109420K [0x0000000083800000, 0x0000000100000000)
  region size 1024K, 59 young (60416K), 5 survivors (5120K)
 Metaspace       used 98147K, committed 98944K, reserved 1179648K
  class space    used 13192K, committed 13568K, reserved 1048576K

Heap Regions: E=young(eden), S=young(survivor), O=old, HS=humongous(starts), HC=humongous(continues), CS=collection set, F=free, OA=open archive, CA=closed archive, TAMS=top-at-mark-start (previous, next)
|   0|0x0000000083800000, 0x0000000083900000, 0x0000000083900000|100%|HS|  |TAMS 0x0000000083900000, 0x0000000083800000| Complete 
|   1|0x0000000083900000, 0x0000000083a00000, 0x0000000083a00000|100%| O|  |TAMS 0x0000000083a00000, 0x0000000083900000| Untracked 
|   2|0x0000000083a00000, 0x0000000083b00000, 0x0000000083b00000|100%| O|  |TAMS 0x0000000083b00000, 0x0000000083a00000| Untracked 
|   3|0x0000000083b00000, 0x0000000083c00000, 0x0000000083c00000|100%| O|  |TAMS 0x0000000083c00000, 0x0000000083b00000| Untracked 
|   4|0x0000000083c00000, 0x0000000083d00000, 0x0000000083d00000|100%| O|  |TAMS 0x0000000083d00000, 0x0000000083c00000| Untracked 
|   5|0x0000000083d00000, 0x0000000083e00000, 0x0000000083e00000|100%| O|  |TAMS 0x0000000083e00000, 0x0000000083d00000| Untracked 
|   6|0x0000000083e00000, 0x0000000083f00000, 0x0000000083f00000|100%| O|  |TAMS 0x0000000083f00000, 0x0000000083e00000| Untracked 
|   7|0x0000000083f00000, 0x0000000084000000, 0x0000000084000000|100%| O|  |TAMS 0x0000000084000000, 0x0000000083f00000| Untracked 
|   8|0x0000000084000000, 0x0000000084100000, 0x0000000084100000|100%| O|  |TAMS 0x0000000084100000, 0x0000000084000000| Untracked 
|   9|0x0000000084100000, 0x0000000084200000, 0x0000000084200000|100%| O|  |TAMS 0x0000000084200000, 0x0000000084100000| Untracked 
|  10|0x0000000084200000, 0x0000000084300000, 0x0000000084300000|100%| O|  |TAMS 0x0000000084300000, 0x0000000084200000| Untracked 
|  11|0x0000000084300000, 0x0000000084400000, 0x0000000084400000|100%| O|  |TAMS 0x0000000084400000, 0x0000000084300000| Untracked 
|  12|0x0000000084400000, 0x0000000084500000, 0x0000000084500000|100%| O|  |TAMS 0x0000000084500000, 0x0000000084400000| Untracked 
|  13|0x0000000084500000, 0x0000000084600000, 0x0000000084600000|100%| O|  |TAMS 0x0000000084600000, 0x0000000084500000| Untracked 
|  14|0x0000000084600000, 0x0000000084700000, 0x0000000084700000|100%| O|  |TAMS 0x0000000084700000, 0x0000000084600000| Untracked 
|  15|0x0000000084700000, 0x0000000084800000, 0x0000000084800000|100%| O|  |TAMS 0x0000000084800000, 0x0000000084700000| Untracked 
|  16|0x0000000084800000, 0x0000000084900000, 0x0000000084900000|100%| O|  |TAMS 0x0000000084900000, 0x0000000084800000| Untracked 
|  17|0x0000000084900000, 0x00000000849f9400, 0x0000000084a00000| 97%| O|  |TAMS 0x00000000849f9400, 0x0000000084900000| Untracked 
|  18|0x0000000084a00000, 0x0000000084b00000, 0x0000000084b00000|100%| O|  |TAMS 0x0000000084b00000, 0x0000000084a00000| Untracked 
|  19|0x0000000084b00000, 0x0000000084c00000, 0x0000000084c00000|100%| O|  |TAMS 0x0000000084c00000, 0x0000000084b00000| Untracked 
|  20|0x0000000084c00000, 0x0000000084d00000, 0x0000000084d00000|100%| O|  |TAMS 0x0000000084d00000, 0x0000000084c00000| Untracked 
|  21|0x0000000084d00000, 0x0000000084e00000, 0x0000000084e00000|100%| O|  |TAMS 0x0000000084e00000, 0x0000000084d00000| Untracked 
|  22|0x0000000084e00000, 0x0000000084f00000, 0x0000000084f00000|100%| O|  |TAMS 0x0000000084f00000, 0x0000000084e00000| Untracked 
|  23|0x0000000084f00000, 0x0000000085000000, 0x0000000085000000|100%| O|  |TAMS 0x0000000085000000, 0x0000000084f00000| Untracked 
|  24|0x0000000085000000, 0x0000000085100000, 0x0000000085100000|100%| O|  |TAMS 0x0000000085100000, 0x0000000085000000| Untracked 
|  25|0x0000000085100000, 0x0000000085200000, 0x0000000085200000|100%| O|  |TAMS 0x0000000085200000, 0x0000000085100000| Untracked 
|  26|0x0000000085200000, 0x0000000085300000, 0x0000000085300000|100%| O|  |TAMS 0x0000000085300000, 0x0000000085200000| Untracked 
|  27|0x0000000085300000, 0x0000000085400000, 0x0000000085400000|100%| O|  |TAMS 0x0000000085400000, 0x0000000085300000| Untracked 
|  28|0x0000000085400000, 0x0000000085500000, 0x0000000085500000|100%| O|  |TAMS 0x0000000085500000, 0x0000000085400000| Untracked 
|  29|0x0000000085500000, 0x0000000085600000, 0x0000000085600000|100%| O|  |TAMS 0x0000000085600000, 0x0000000085500000| Untracked 
|  30|0x0000000085600000, 0x0000000085700000, 0x0000000085700000|100%| O|  |TAMS 0x0000000085700000, 0x0000000085600000| Untracked 
|  31|0x0000000085700000, 0x0000000085800000, 0x0000000085800000|100%| O|  |TAMS 0x0000000085800000, 0x0000000085700000| Untracked 
|  32|0x0000000085800000, 0x0000000085900000, 0x0000000085900000|100%| O|  |TAMS 0x0000000085900000, 0x0000000085800000| Untracked 
|  33|0x0000000085900000, 0x0000000085a00000, 0x0000000085a00000|100%| O|  |TAMS 0x0000000085a00000, 0x0000000085900000| Untracked 
|  34|0x0000000085a00000, 0x0000000085b00000, 0x0000000085b00000|100%| O|  |TAMS 0x0000000085b00000, 0x0000000085a00000| Untracked 
|  35|0x0000000085b00000, 0x0000000085c00000, 0x0000000085c00000|100%| O|  |TAMS 0x0000000085c00000, 0x0000000085b00000| Untracked 
|  36|0x0000000085c00000, 0x0000000085d00000, 0x0000000085d00000|100%| O|  |TAMS 0x0000000085c78400, 0x0000000085c00000| Untracked 
|  37|0x0000000085d00000, 0x0000000085e00000, 0x0000000085e00000|100%| O|  |TAMS 0x0000000085d00000, 0x0000000085d00000| Untracked 
|  38|0x0000000085e00000, 0x0000000085f00000, 0x0000000085f00000|100%| O|  |TAMS 0x0000000085e00000, 0x0000000085e00000| Untracked 
|  39|0x0000000085f00000, 0x0000000086000000, 0x0000000086000000|100%| O|  |TAMS 0x0000000085f00000, 0x0000000085f00000| Untracked 
|  40|0x0000000086000000, 0x0000000086100000, 0x0000000086100000|100%| O|  |TAMS 0x0000000086000000, 0x0000000086000000| Untracked 
|  41|0x0000000086100000, 0x0000000086200000, 0x0000000086200000|100%| O|  |TAMS 0x0000000086100000, 0x0000000086100000| Untracked 
|  42|0x0000000086200000, 0x0000000086300000, 0x0000000086300000|100%| O|  |TAMS 0x0000000086200000, 0x0000000086200000| Untracked 
|  43|0x0000000086300000, 0x0000000086400000, 0x0000000086400000|100%| O|  |TAMS 0x0000000086300000, 0x0000000086300000| Untracked 
|  44|0x0000000086400000, 0x0000000086500000, 0x0000000086500000|100%| O|  |TAMS 0x0000000086400000, 0x0000000086400000| Untracked 
|  45|0x0000000086500000, 0x0000000086600000, 0x0000000086600000|100%| O|  |TAMS 0x0000000086500000, 0x0000000086500000| Untracked 
|  46|0x0000000086600000, 0x0000000086700000, 0x0000000086700000|100%| O|  |TAMS 0x0000000086600000, 0x0000000086600000| Untracked 
|  47|0x0000000086700000, 0x0000000086800000, 0x0000000086800000|100%| O|  |TAMS 0x0000000086700000, 0x0000000086700000| Untracked 
|  48|0x0000000086800000, 0x0000000086900000, 0x0000000086900000|100%| O|  |TAMS 0x0000000086800000, 0x0000000086800000| Untracked 
|  49|0x0000000086900000, 0x00000000869b0c00, 0x0000000086a00000| 69%| O|  |TAMS 0x0000000086900000, 0x0000000086900000| Untracked 
|  50|0x0000000086a00000, 0x0000000086a00000, 0x0000000086b00000|  0%| F|  |TAMS 0x0000000086a00000, 0x0000000086a00000| Untracked 
|  51|0x0000000086b00000, 0x0000000086b00000, 0x0000000086c00000|  0%| F|  |TAMS 0x0000000086b00000, 0x0000000086b00000| Untracked 
|  52|0x0000000086c00000, 0x0000000086c00000, 0x0000000086d00000|  0%| F|  |TAMS 0x0000000086c00000, 0x0000000086c00000| Untracked 
|  53|0x0000000086d00000, 0x0000000086d00000, 0x0000000086e00000|  0%| F|  |TAMS 0x0000000086d00000, 0x0000000086d00000| Untracked 
|  54|0x0000000086e00000, 0x0000000086e00000, 0x0000000086f00000|  0%| F|  |TAMS 0x0000000086e00000, 0x0000000086e00000| Untracked 
|  55|0x0000000086f00000, 0x0000000086f00000, 0x0000000087000000|  0%| F|  |TAMS 0x0000000086f00000, 0x0000000086f00000| Untracked 
|  56|0x0000000087000000, 0x0000000087000000, 0x0000000087100000|  0%| F|  |TAMS 0x0000000087000000, 0x0000000087000000| Untracked 
|  57|0x0000000087100000, 0x0000000087100000, 0x0000000087200000|  0%| F|  |TAMS 0x0000000087100000, 0x0000000087100000| Untracked 
|  58|0x0000000087200000, 0x0000000087200000, 0x0000000087300000|  0%| F|  |TAMS 0x0000000087200000, 0x0000000087200000| Untracked 
|  59|0x0000000087300000, 0x0000000087300000, 0x0000000087400000|  0%| F|  |TAMS 0x0000000087300000, 0x0000000087300000| Untracked 
|  60|0x0000000087400000, 0x0000000087400000, 0x0000000087500000|  0%| F|  |TAMS 0x0000000087400000, 0x0000000087400000| Untracked 
|  61|0x0000000087500000, 0x0000000087500000, 0x0000000087600000|  0%| F|  |TAMS 0x0000000087500000, 0x0000000087500000| Untracked 
|  62|0x0000000087600000, 0x0000000087600000, 0x0000000087700000|  0%| F|  |TAMS 0x0000000087600000, 0x0000000087600000| Untracked 
|  63|0x0000000087700000, 0x0000000087700000, 0x0000000087800000|  0%| F|  |TAMS 0x0000000087700000, 0x0000000087700000| Untracked 
|  64|0x0000000087800000, 0x0000000087800000, 0x0000000087900000|  0%| F|  |TAMS 0x0000000087800000, 0x0000000087800000| Untracked 
|  65|0x0000000087900000, 0x0000000087931078, 0x0000000087a00000| 19%| S|CS|TAMS 0x0000000087900000, 0x0000000087900000| Complete 
|  66|0x0000000087a00000, 0x0000000087a00000, 0x0000000087b00000|  0%| F|  |TAMS 0x0000000087a00000, 0x0000000087a00000| Untracked 
|  67|0x0000000087b00000, 0x0000000087c00000, 0x0000000087c00000|100%| S|CS|TAMS 0x0000000087b00000, 0x0000000087b00000| Complete 
|  68|0x0000000087c00000, 0x0000000087d00000, 0x0000000087d00000|100%| S|CS|TAMS 0x0000000087c00000, 0x0000000087c00000| Complete 
|  69|0x0000000087d00000, 0x0000000087e00000, 0x0000000087e00000|100%| S|CS|TAMS 0x0000000087d00000, 0x0000000087d00000| Complete 
|  70|0x0000000087e00000, 0x0000000087f00000, 0x0000000087f00000|100%| S|CS|TAMS 0x0000000087e00000, 0x0000000087e00000| Complete 
|  71|0x0000000087f00000, 0x0000000087f00000, 0x0000000088000000|  0%| F|  |TAMS 0x0000000087f00000, 0x0000000087f00000| Untracked 
|  72|0x0000000088000000, 0x0000000088000000, 0x0000000088100000|  0%| F|  |TAMS 0x0000000088000000, 0x0000000088000000| Untracked 
|  73|0x0000000088100000, 0x0000000088100000, 0x0000000088200000|  0%| F|  |TAMS 0x0000000088100000, 0x0000000088100000| Untracked 
|  74|0x0000000088200000, 0x0000000088200000, 0x0000000088300000|  0%| F|  |TAMS 0x0000000088200000, 0x0000000088200000| Untracked 
|  75|0x0000000088300000, 0x0000000088300000, 0x0000000088400000|  0%| F|  |TAMS 0x0000000088300000, 0x0000000088300000| Untracked 
|  76|0x0000000088400000, 0x0000000088400000, 0x0000000088500000|  0%| F|  |TAMS 0x0000000088400000, 0x0000000088400000| Untracked 
|  77|0x0000000088500000, 0x0000000088500000, 0x0000000088600000|  0%| F|  |TAMS 0x0000000088500000, 0x0000000088500000| Untracked 
|  78|0x0000000088600000, 0x0000000088600000, 0x0000000088700000|  0%| F|  |TAMS 0x0000000088600000, 0x0000000088600000| Untracked 
|  79|0x0000000088700000, 0x0000000088700000, 0x0000000088800000|  0%| F|  |TAMS 0x0000000088700000, 0x0000000088700000| Untracked 
|  80|0x0000000088800000, 0x0000000088800000, 0x0000000088900000|  0%| F|  |TAMS 0x0000000088800000, 0x0000000088800000| Untracked 
|  81|0x0000000088900000, 0x0000000088900000, 0x0000000088a00000|  0%| F|  |TAMS 0x0000000088900000, 0x0000000088900000| Untracked 
|  82|0x0000000088a00000, 0x0000000088a00000, 0x0000000088b00000|  0%| F|  |TAMS 0x0000000088a00000, 0x0000000088a00000| Untracked 
|  83|0x0000000088b00000, 0x0000000088b00000, 0x0000000088c00000|  0%| F|  |TAMS 0x0000000088b00000, 0x0000000088b00000| Untracked 
|  84|0x0000000088c00000, 0x0000000088c00000, 0x0000000088d00000|  0%| F|  |TAMS 0x0000000088c00000, 0x0000000088c00000| Untracked 
|  85|0x0000000088d00000, 0x0000000088e00000, 0x0000000088e00000|100%| E|  |TAMS 0x0000000088d00000, 0x0000000088d00000| Complete 
|  86|0x0000000088e00000, 0x0000000088f00000, 0x0000000088f00000|100%| E|CS|TAMS 0x0000000088e00000, 0x0000000088e00000| Complete 
|  87|0x0000000088f00000, 0x0000000089000000, 0x0000000089000000|100%| E|CS|TAMS 0x0000000088f00000, 0x0000000088f00000| Complete 
|  88|0x0000000089000000, 0x0000000089100000, 0x0000000089100000|100%| E|CS|TAMS 0x0000000089000000, 0x0000000089000000| Complete 
|  89|0x0000000089100000, 0x0000000089200000, 0x0000000089200000|100%| E|CS|TAMS 0x0000000089100000, 0x0000000089100000| Complete 
|  90|0x0000000089200000, 0x0000000089300000, 0x0000000089300000|100%| E|CS|TAMS 0x0000000089200000, 0x0000000089200000| Complete 
|  91|0x0000000089300000, 0x0000000089400000, 0x0000000089400000|100%| E|CS|TAMS 0x0000000089300000, 0x0000000089300000| Complete 
|  92|0x0000000089400000, 0x0000000089500000, 0x0000000089500000|100%| E|CS|TAMS 0x0000000089400000, 0x0000000089400000| Complete 
|  93|0x0000000089500000, 0x0000000089600000, 0x0000000089600000|100%| E|CS|TAMS 0x0000000089500000, 0x0000000089500000| Complete 
|  94|0x0000000089600000, 0x0000000089700000, 0x0000000089700000|100%| E|CS|TAMS 0x0000000089600000, 0x0000000089600000| Complete 
|  95|0x0000000089700000, 0x0000000089800000, 0x0000000089800000|100%| E|CS|TAMS 0x0000000089700000, 0x0000000089700000| Complete 
|  96|0x0000000089800000, 0x0000000089900000, 0x0000000089900000|100%| E|CS|TAMS 0x0000000089800000, 0x0000000089800000| Complete 
|  97|0x0000000089900000, 0x0000000089a00000, 0x0000000089a00000|100%| E|CS|TAMS 0x0000000089900000, 0x0000000089900000| Complete 
|  98|0x0000000089a00000, 0x0000000089b00000, 0x0000000089b00000|100%| E|CS|TAMS 0x0000000089a00000, 0x0000000089a00000| Complete 
|  99|0x0000000089b00000, 0x0000000089c00000, 0x0000000089c00000|100%| E|CS|TAMS 0x0000000089b00000, 0x0000000089b00000| Complete 
| 100|0x0000000089c00000, 0x0000000089d00000, 0x0000000089d00000|100%| E|CS|TAMS 0x0000000089c00000, 0x0000000089c00000| Complete 
| 101|0x0000000089d00000, 0x0000000089e00000, 0x0000000089e00000|100%| E|CS|TAMS 0x0000000089d00000, 0x0000000089d00000| Complete 
| 102|0x0000000089e00000, 0x0000000089f00000, 0x0000000089f00000|100%| E|CS|TAMS 0x0000000089e00000, 0x0000000089e00000| Complete 
| 103|0x0000000089f00000, 0x000000008a000000, 0x000000008a000000|100%| E|CS|TAMS 0x0000000089f00000, 0x0000000089f00000| Complete 
| 104|0x000000008a000000, 0x000000008a100000, 0x000000008a100000|100%| E|CS|TAMS 0x000000008a000000, 0x000000008a000000| Complete 
| 105|0x000000008a100000, 0x000000008a200000, 0x000000008a200000|100%| E|CS|TAMS 0x000000008a100000, 0x000000008a100000| Complete 
| 106|0x000000008a200000, 0x000000008a300000, 0x000000008a300000|100%| E|CS|TAMS 0x000000008a200000, 0x000000008a200000| Complete 
| 107|0x000000008a300000, 0x000000008a400000, 0x000000008a400000|100%| E|CS|TAMS 0x000000008a300000, 0x000000008a300000| Complete 
| 108|0x000000008a400000, 0x000000008a500000, 0x000000008a500000|100%| E|CS|TAMS 0x000000008a400000, 0x000000008a400000| Complete 
| 109|0x000000008a500000, 0x000000008a600000, 0x000000008a600000|100%| E|CS|TAMS 0x000000008a500000, 0x000000008a500000| Complete 
| 110|0x000000008a600000, 0x000000008a700000, 0x000000008a700000|100%| E|CS|TAMS 0x000000008a600000, 0x000000008a600000| Complete 
| 111|0x000000008a700000, 0x000000008a800000, 0x000000008a800000|100%| E|CS|TAMS 0x000000008a700000, 0x000000008a700000| Complete 
| 112|0x000000008a800000, 0x000000008a900000, 0x000000008a900000|100%| E|CS|TAMS 0x000000008a800000, 0x000000008a800000| Complete 
| 113|0x000000008a900000, 0x000000008aa00000, 0x000000008aa00000|100%| E|CS|TAMS 0x000000008a900000, 0x000000008a900000| Complete 
| 114|0x000000008aa00000, 0x000000008ab00000, 0x000000008ab00000|100%| E|CS|TAMS 0x000000008aa00000, 0x000000008aa00000| Complete 
| 115|0x000000008ab00000, 0x000000008ac00000, 0x000000008ac00000|100%| E|CS|TAMS 0x000000008ab00000, 0x000000008ab00000| Complete 
| 116|0x000000008ac00000, 0x000000008ad00000, 0x000000008ad00000|100%| E|CS|TAMS 0x000000008ac00000, 0x000000008ac00000| Complete 
| 117|0x000000008ad00000, 0x000000008ae00000, 0x000000008ae00000|100%| E|CS|TAMS 0x000000008ad00000, 0x000000008ad00000| Complete 
| 118|0x000000008ae00000, 0x000000008af00000, 0x000000008af00000|100%| E|CS|TAMS 0x000000008ae00000, 0x000000008ae00000| Complete 
| 119|0x000000008af00000, 0x000000008b000000, 0x000000008b000000|100%| E|CS|TAMS 0x000000008af00000, 0x000000008af00000| Complete 
| 120|0x000000008b000000, 0x000000008b100000, 0x000000008b100000|100%| E|CS|TAMS 0x000000008b000000, 0x000000008b000000| Complete 
| 121|0x000000008b100000, 0x000000008b200000, 0x000000008b200000|100%| E|CS|TAMS 0x000000008b100000, 0x000000008b100000| Complete 
| 122|0x000000008b200000, 0x000000008b300000, 0x000000008b300000|100%| E|CS|TAMS 0x000000008b200000, 0x000000008b200000| Complete 
| 123|0x000000008b300000, 0x000000008b400000, 0x000000008b400000|100%| E|CS|TAMS 0x000000008b300000, 0x000000008b300000| Complete 
| 124|0x000000008b400000, 0x000000008b500000, 0x000000008b500000|100%| E|CS|TAMS 0x000000008b400000, 0x000000008b400000| Complete 
| 125|0x000000008b500000, 0x000000008b600000, 0x000000008b600000|100%| E|CS|TAMS 0x000000008b500000, 0x000000008b500000| Complete 
| 126|0x000000008b600000, 0x000000008b700000, 0x000000008b700000|100%| E|CS|TAMS 0x000000008b600000, 0x000000008b600000| Complete 
| 127|0x000000008b700000, 0x000000008b800000, 0x000000008b800000|100%| E|CS|TAMS 0x000000008b700000, 0x000000008b700000| Complete 
| 128|0x000000008b800000, 0x000000008b900000, 0x000000008b900000|100%| E|CS|TAMS 0x000000008b800000, 0x000000008b800000| Complete 
| 129|0x000000008b900000, 0x000000008ba00000, 0x000000008ba00000|100%| E|CS|TAMS 0x000000008b900000, 0x000000008b900000| Complete 
| 130|0x000000008ba00000, 0x000000008bb00000, 0x000000008bb00000|100%| E|CS|TAMS 0x000000008ba00000, 0x000000008ba00000| Complete 
| 131|0x000000008bb00000, 0x000000008bc00000, 0x000000008bc00000|100%| E|CS|TAMS 0x000000008bb00000, 0x000000008bb00000| Complete 
| 132|0x000000008bc00000, 0x000000008bd00000, 0x000000008bd00000|100%| E|CS|TAMS 0x000000008bc00000, 0x000000008bc00000| Complete 
| 133|0x000000008bd00000, 0x000000008be00000, 0x000000008be00000|100%| E|CS|TAMS 0x000000008bd00000, 0x000000008bd00000| Complete 
| 134|0x000000008be00000, 0x000000008bf00000, 0x000000008bf00000|100%| E|CS|TAMS 0x000000008be00000, 0x000000008be00000| Complete 
| 135|0x000000008bf00000, 0x000000008c000000, 0x000000008c000000|100%| E|CS|TAMS 0x000000008bf00000, 0x000000008bf00000| Complete 
| 136|0x000000008c000000, 0x000000008c100000, 0x000000008c100000|100%| E|CS|TAMS 0x000000008c000000, 0x000000008c000000| Complete 
| 137|0x000000008c100000, 0x000000008c200000, 0x000000008c200000|100%| E|CS|TAMS 0x000000008c100000, 0x000000008c100000| Complete 
| 138|0x000000008c200000, 0x000000008c300000, 0x000000008c300000|100%| E|CS|TAMS 0x000000008c200000, 0x000000008c200000| Complete 

Card table byte_map: [0x0000027457a60000,0x0000027457e50000] _byte_map_base: 0x0000027457644000

Marking Bits (Prev, Next): (CMBitMap*) 0x0000027444bcc120, (CMBitMap*) 0x0000027444bcc160
 Prev Bits: [0x0000027458240000, 0x000002745a160000)
 Next Bits: [0x000002745a160000, 0x000002745c080000)

Polling page: 0x0000027442b40000

Metaspace:

Usage:
  Non-class:     82.96 MB used.
      Class:     12.88 MB used.
       Both:     95.85 MB used.

Virtual space:
  Non-class space:      128.00 MB reserved,      83.38 MB ( 65%) committed,  2 nodes.
      Class space:        1.00 GB reserved,      13.25 MB (  1%) committed,  1 nodes.
             Both:        1.12 GB reserved,      96.62 MB (  8%) committed. 

Chunk freelists:
   Non-Class:  11.92 MB
       Class:  2.67 MB
        Both:  14.59 MB

MaxMetaspaceSize: unlimited
CompressedClassSpaceSize: 1.00 GB
Initial GC threshold: 21.00 MB
Current GC threshold: 123.38 MB
CDS: on
MetaspaceReclaimPolicy: balanced
 - commit_granule_bytes: 65536.
 - commit_granule_words: 8192.
 - virtual_space_node_default_size: 8388608.
 - enlarge_chunks_in_place: 1.
 - new_chunks_are_fully_committed: 0.
 - uncommit_free_chunks: 1.
 - use_allocation_guard: 0.
 - handle_deallocations: 1.


Internal statistics:

num_allocs_failed_limit: 9.
num_arena_births: 1214.
num_arena_deaths: 2.
num_vsnodes_births: 3.
num_vsnodes_deaths: 0.
num_space_committed: 1546.
num_space_uncommitted: 0.
num_chunks_returned_to_freelist: 12.
num_chunks_taken_from_freelist: 5047.
num_chunk_merges: 9.
num_chunk_splits: 3474.
num_chunks_enlarged: 2521.
num_inconsistent_stats: 0.

CodeHeap 'non-profiled nmethods': size=120000Kb used=10349Kb max_used=10349Kb free=109650Kb
 bounds [0x000002744fe10000, 0x0000027450830000, 0x0000027457340000]
CodeHeap 'profiled nmethods': size=120000Kb used=25844Kb max_used=26879Kb free=94155Kb
 bounds [0x0000027448340000, 0x0000027449d90000, 0x000002744f870000]
CodeHeap 'non-nmethods': size=5760Kb used=1444Kb max_used=1512Kb free=4315Kb
 bounds [0x000002744f870000, 0x000002744fae0000, 0x000002744fe10000]
 total_blobs=14657 nmethods=13874 adapters=694
 compilation: enabled
              stopped_count=0, restarted_count=0
 full_count=0

Compilation events (20 events):
Event: 525.335 Thread 0x000002745eabb8a0 nmethod 16800 0x0000027449499210 code [0x0000027449499640, 0x000002744949b858]
Event: 525.399 Thread 0x000002745eaaf7d0 16801       4       org.springframework.security.web.firewall.StrictHttpFirewall$StrictFirewalledRequest$2::nextElement (5 bytes)
Event: 525.403 Thread 0x000002745eaaf7d0 nmethod 16801 0x000002745082a210 code [0x000002745082a3c0, 0x000002745082a538]
Event: 525.410 Thread 0x000002745eabb8a0 16802       3       org.hibernate.query.sqm.sql.BaseSqmToSqlAstConverter::registerEntityNameUsage (473 bytes)
Event: 525.415 Thread 0x000002745eabb8a0 nmethod 16802 0x00000274494e5710 code [0x00000274494e5d40, 0x00000274494ea058]
Event: 525.423 Thread 0x000002745eabb8a0 16803   !   3       org.hibernate.engine.transaction.internal.TransactionImpl::commit (54 bytes)
Event: 525.424 Thread 0x000002745eabb8a0 nmethod 16803 0x0000027449854290 code [0x00000274498544e0, 0x0000027449854d08]
Event: 525.460 Thread 0x000002745eabb8a0 16804   !   3       java.util.concurrent.ConcurrentHashMap::clear (176 bytes)
Event: 525.461 Thread 0x000002745eabb8a0 nmethod 16804 0x000002744909af90 code [0x000002744909b1c0, 0x000002744909bae8]
Event: 525.474 Thread 0x000002745eabb8a0 16805       3       java.util.Collections$UnmodifiableList::equals (24 bytes)
Event: 525.475 Thread 0x000002745eabb8a0 nmethod 16805 0x00000274493c9410 code [0x00000274493c95c0, 0x00000274493c9828]
Event: 525.476 Thread 0x000002745eabb8a0 16806       3       org.hibernate.query.sqm.sql.BaseSqmToSqlAstConverter::currentSqlSelectionCollector (13 bytes)
Event: 525.477 Thread 0x000002745eabb8a0 nmethod 16806 0x0000027449561490 code [0x0000027449561680, 0x0000027449561d28]
Event: 525.529 Thread 0x000002745eabb8a0 16807       3       org.apache.catalina.mapper.Mapper::exactFind (29 bytes)
Event: 525.529 Thread 0x000002745eabb8a0 nmethod 16807 0x00000274495deb10 code [0x00000274495dece0, 0x00000274495df0d8]
Event: 525.538 Thread 0x000002745eaaf7d0 16808   !   4       sun.nio.cs.StreamDecoder::readBytes (271 bytes)
Event: 525.540 Thread 0x000002745eabb8a0 16809   !   3       jdk.internal.reflect.GeneratedMethodAccessor99::invoke (61 bytes)
Event: 525.541 Thread 0x000002745eabb8a0 nmethod 16809 0x00000274495e0f10 code [0x00000274495e1160, 0x00000274495e1b68]
Event: 525.546 Thread 0x000002745eaaf7d0 nmethod 16808 0x000002745082a790 code [0x000002745082a940, 0x000002745082aed8]
Event: 525.546 Thread 0x000002745eaaf7d0 16810       4       org.hibernate.sql.ast.tree.expression.ColumnReference::<init> (100 bytes)

GC Heap History (20 events):
Event: 11.320 GC heap before
{Heap before GC invocations=25 (full 0):
 garbage-first heap   total 142336K, used 116124K [0x0000000083800000, 0x0000000100000000)
  region size 1024K, 76 young (77824K), 5 survivors (5120K)
 Metaspace       used 82577K, committed 83200K, reserved 1179648K
  class space    used 11421K, committed 11712K, reserved 1048576K
}
Event: 11.326 GC heap after
{Heap after GC invocations=26 (full 0):
 garbage-first heap   total 142336K, used 48557K [0x0000000083800000, 0x0000000100000000)
  region size 1024K, 10 young (10240K), 10 survivors (10240K)
 Metaspace       used 82577K, committed 83200K, reserved 1179648K
  class space    used 11421K, committed 11712K, reserved 1048576K
}
Event: 214.785 GC heap before
{Heap before GC invocations=26 (full 0):
 garbage-first heap   total 142336K, used 114093K [0x0000000083800000, 0x0000000100000000)
  region size 1024K, 75 young (76800K), 10 survivors (10240K)
 Metaspace       used 89575K, committed 90304K, reserved 1179648K
  class space    used 12468K, committed 12800K, reserved 1048576K
}
Event: 214.989 GC heap after
{Heap after GC invocations=27 (full 0):
 garbage-first heap   total 142336K, used 52163K [0x0000000083800000, 0x0000000100000000)
  region size 1024K, 4 young (4096K), 4 survivors (4096K)
 Metaspace       used 89575K, committed 90304K, reserved 1179648K
  class space    used 12468K, committed 12800K, reserved 1048576K
}
Event: 371.969 GC heap before
{Heap before GC invocations=27 (full 0):
 garbage-first heap   total 142336K, used 114627K [0x0000000083800000, 0x0000000100000000)
  region size 1024K, 66 young (67584K), 4 survivors (4096K)
 Metaspace       used 92785K, committed 93504K, reserved 1179648K
  class space    used 12783K, committed 13120K, reserved 1048576K
}
Event: 372.032 GC heap after
{Heap after GC invocations=28 (full 0):
 garbage-first heap   total 142336K, used 52487K [0x0000000083800000, 0x0000000100000000)
  region size 1024K, 4 young (4096K), 4 survivors (4096K)
 Metaspace       used 92785K, committed 93504K, reserved 1179648K
  class space    used 12783K, committed 13120K, reserved 1048576K
}
Event: 492.088 GC heap before
{Heap before GC invocations=28 (full 0):
 garbage-first heap   total 142336K, used 125191K [0x0000000083800000, 0x0000000100000000)
  region size 1024K, 68 young (69632K), 4 survivors (4096K)
 Metaspace       used 96417K, committed 97216K, reserved 1179648K
  class space    used 13189K, committed 13568K, reserved 1048576K
}
Event: 492.193 GC heap after
{Heap after GC invocations=29 (full 0):
 garbage-first heap   total 142336K, used 55403K [0x0000000083800000, 0x0000000100000000)
  region size 1024K, 7 young (7168K), 7 survivors (7168K)
 Metaspace       used 96417K, committed 97216K, reserved 1179648K
  class space    used 13189K, committed 13568K, reserved 1048576K
}
Event: 498.763 GC heap before
{Heap before GC invocations=29 (full 0):
 garbage-first heap   total 142336K, used 116843K [0x0000000083800000, 0x0000000100000000)
  region size 1024K, 68 young (69632K), 7 survivors (7168K)
 Metaspace       used 96831K, committed 97600K, reserved 1179648K
  class space    used 13191K, committed 13568K, reserved 1048576K
}
Event: 498.782 GC heap after
{Heap after GC invocations=30 (full 0):
 garbage-first heap   total 142336K, used 55272K [0x0000000083800000, 0x0000000100000000)
  region size 1024K, 5 young (5120K), 5 survivors (5120K)
 Metaspace       used 96831K, committed 97600K, reserved 1179648K
  class space    used 13191K, committed 13568K, reserved 1048576K
}
Event: 502.844 GC heap before
{Heap before GC invocations=30 (full 0):
 garbage-first heap   total 142336K, used 117736K [0x0000000083800000, 0x0000000100000000)
  region size 1024K, 67 young (68608K), 5 survivors (5120K)
 Metaspace       used 97164K, committed 97920K, reserved 1179648K
  class space    used 13191K, committed 13568K, reserved 1048576K
}
Event: 502.853 GC heap after
{Heap after GC invocations=31 (full 0):
 garbage-first heap   total 142336K, used 55360K [0x0000000083800000, 0x0000000100000000)
  region size 1024K, 5 young (5120K), 5 survivors (5120K)
 Metaspace       used 97164K, committed 97920K, reserved 1179648K
  class space    used 13191K, committed 13568K, reserved 1048576K
}
Event: 508.042 GC heap before
{Heap before GC invocations=31 (full 0):
 garbage-first heap   total 142336K, used 118848K [0x0000000083800000, 0x0000000100000000)
  region size 1024K, 68 young (69632K), 5 survivors (5120K)
 Metaspace       used 97352K, committed 98112K, reserved 1179648K
  class space    used 13191K, committed 13568K, reserved 1048576K
}
Event: 508.050 GC heap after
{Heap after GC invocations=32 (full 0):
 garbage-first heap   total 142336K, used 55322K [0x0000000083800000, 0x0000000100000000)
  region size 1024K, 5 young (5120K), 5 survivors (5120K)
 Metaspace       used 97352K, committed 98112K, reserved 1179648K
  class space    used 13191K, committed 13568K, reserved 1048576K
}
Event: 515.813 GC heap before
{Heap before GC invocations=32 (full 0):
 garbage-first heap   total 142336K, used 120858K [0x0000000083800000, 0x0000000100000000)
  region size 1024K, 69 young (70656K), 5 survivors (5120K)
 Metaspace       used 97618K, committed 98368K, reserved 1179648K
  class space    used 13191K, committed 13568K, reserved 1048576K
}
Event: 515.820 GC heap after
{Heap after GC invocations=33 (full 0):
 garbage-first heap   total 142336K, used 55491K [0x0000000083800000, 0x0000000100000000)
  region size 1024K, 5 young (5120K), 5 survivors (5120K)
 Metaspace       used 97618K, committed 98368K, reserved 1179648K
  class space    used 13191K, committed 13568K, reserved 1048576K
}
Event: 520.283 GC heap before
{Heap before GC invocations=33 (full 0):
 garbage-first heap   total 142336K, used 122051K [0x0000000083800000, 0x0000000100000000)
  region size 1024K, 70 young (71680K), 5 survivors (5120K)
 Metaspace       used 97695K, committed 98432K, reserved 1179648K
  class space    used 13191K, committed 13568K, reserved 1048576K
}
Event: 520.293 GC heap after
{Heap after GC invocations=34 (full 0):
 garbage-first heap   total 142336K, used 55229K [0x0000000083800000, 0x0000000100000000)
  region size 1024K, 5 young (5120K), 5 survivors (5120K)
 Metaspace       used 97695K, committed 98432K, reserved 1179648K
  class space    used 13191K, committed 13568K, reserved 1048576K
}
Event: 523.709 GC heap before
{Heap before GC invocations=34 (full 0):
 garbage-first heap   total 142336K, used 121789K [0x0000000083800000, 0x0000000100000000)
  region size 1024K, 70 young (71680K), 5 survivors (5120K)
 Metaspace       used 98035K, committed 98816K, reserved 1179648K
  class space    used 13191K, committed 13568K, reserved 1048576K
}
Event: 523.718 GC heap after
{Heap after GC invocations=35 (full 0):
 garbage-first heap   total 142336K, used 55148K [0x0000000083800000, 0x0000000100000000)
  region size 1024K, 5 young (5120K), 5 survivors (5120K)
 Metaspace       used 98035K, committed 98816K, reserved 1179648K
  class space    used 13191K, committed 13568K, reserved 1048576K
}

Dll operation events (4 events):
Event: 0.015 Loaded shared library C:\Users\Admin\.jdks\jbr-17.0.12\bin\java.dll
Event: 0.037 Loaded shared library C:\Users\Admin\.jdks\jbr-17.0.12\bin\jsvml.dll
Event: 0.175 Loaded shared library C:\Users\Admin\.jdks\jbr-17.0.12\bin\zip.dll
Event: 4.893 Loaded shared library C:\Users\Admin\.jdks\jbr-17.0.12\bin\verify.dll

Deoptimization events (20 events):
Event: 523.326 Thread 0x000002746a2315c0 DEOPT PACKING pc=0x00000274485ce317 sp=0x000000eccc1fbe60
Event: 523.327 Thread 0x000002746a2315c0 DEOPT UNPACKING pc=0x000002744f8cace3 sp=0x000000eccc1fb388 mode 0
Event: 523.415 Thread 0x000002746a22fc70 Uncommon trap: trap_request=0xffffffbe fr.pc=0x0000027450809f5c relative=0x000000000000053c
Event: 523.416 Thread 0x000002746a22fc70 Uncommon trap: reason=profile_predicate action=maybe_recompile pc=0x0000027450809f5c method=com.sun.crypto.provider.HmacCore.engineInit(Ljava/security/Key;Ljava/security/spec/AlgorithmParameterSpec;)V @ 88 c2
Event: 523.416 Thread 0x000002746a22fc70 DEOPT PACKING pc=0x0000027450809f5c sp=0x000000eccbefc230
Event: 523.416 Thread 0x000002746a22fc70 DEOPT UNPACKING pc=0x000002744f8ca1a3 sp=0x000000eccbefc1c8 mode 2
Event: 523.424 Thread 0x000002746a22fc70 Uncommon trap: trap_request=0xffffffbe fr.pc=0x0000027450809f5c relative=0x000000000000053c
Event: 523.424 Thread 0x000002746a22fc70 Uncommon trap: reason=profile_predicate action=maybe_recompile pc=0x0000027450809f5c method=com.sun.crypto.provider.HmacCore.engineInit(Ljava/security/Key;Ljava/security/spec/AlgorithmParameterSpec;)V @ 88 c2
Event: 523.424 Thread 0x000002746a22fc70 DEOPT PACKING pc=0x0000027450809f5c sp=0x000000eccbefc210
Event: 523.424 Thread 0x000002746a22fc70 DEOPT UNPACKING pc=0x000002744f8ca1a3 sp=0x000000eccbefc1a8 mode 2
Event: 523.500 Thread 0x000002746a233420 Uncommon trap: trap_request=0xffffffbe fr.pc=0x0000027450809f5c relative=0x000000000000053c
Event: 523.500 Thread 0x000002746a233420 Uncommon trap: reason=profile_predicate action=maybe_recompile pc=0x0000027450809f5c method=com.sun.crypto.provider.HmacCore.engineInit(Ljava/security/Key;Ljava/security/spec/AlgorithmParameterSpec;)V @ 88 c2
Event: 523.500 Thread 0x000002746a233420 DEOPT PACKING pc=0x0000027450809f5c sp=0x000000eccbcfbf20
Event: 523.500 Thread 0x000002746a233420 DEOPT UNPACKING pc=0x000002744f8ca1a3 sp=0x000000eccbcfbeb8 mode 2
Event: 523.509 Thread 0x000002746a233420 Uncommon trap: trap_request=0xffffffbe fr.pc=0x0000027450809f5c relative=0x000000000000053c
Event: 523.509 Thread 0x000002746a233420 Uncommon trap: reason=profile_predicate action=maybe_recompile pc=0x0000027450809f5c method=com.sun.crypto.provider.HmacCore.engineInit(Ljava/security/Key;Ljava/security/spec/AlgorithmParameterSpec;)V @ 88 c2
Event: 523.509 Thread 0x000002746a233420 DEOPT PACKING pc=0x0000027450809f5c sp=0x000000eccbcfbf00
Event: 523.509 Thread 0x000002746a233420 DEOPT UNPACKING pc=0x000002744f8ca1a3 sp=0x000000eccbcfbe98 mode 2
Event: 525.460 Thread 0x000002746a232a00 DEOPT PACKING pc=0x00000274492bfc19 sp=0x000000eccc3fe680
Event: 525.460 Thread 0x000002746a232a00 DEOPT UNPACKING pc=0x000002744f8cace3 sp=0x000000eccc3fdb30 mode 0

Classes loaded (20 events):
Event: 375.465 Loading class java/util/zip/GZIPInputStream$1
Event: 375.465 Loading class java/util/zip/GZIPInputStream$1 done
Event: 375.466 Loading class sun/security/ssl/Alert
Event: 375.466 Loading class sun/security/ssl/Alert done
Event: 375.467 Loading class sun/security/ssl/Alert$AlertConsumer
Event: 375.467 Loading class sun/security/ssl/Alert$AlertConsumer done
Event: 375.467 Loading class sun/security/ssl/Alert$Level
Event: 375.468 Loading class sun/security/ssl/Alert$Level done
Event: 429.353 Loading class java/util/stream/ReferencePipeline$4
Event: 429.356 Loading class java/util/stream/ReferencePipeline$4 done
Event: 429.362 Loading class java/util/stream/ReduceOps$8
Event: 429.363 Loading class java/util/stream/ReduceOps$8 done
Event: 429.363 Loading class java/util/stream/ReduceOps$7ReducingSink
Event: 429.364 Loading class java/util/stream/ReduceOps$7ReducingSink done
Event: 429.364 Loading class java/util/stream/ReferencePipeline$4$1
Event: 429.366 Loading class java/util/stream/ReferencePipeline$4$1 done
Event: 464.939 Loading class sun/net/www/protocol/https/Handler
Event: 464.941 Loading class sun/net/www/protocol/https/Handler done
Event: 465.591 Loading class java/util/concurrent/ConcurrentLinkedQueue$Itr
Event: 465.597 Loading class java/util/concurrent/ConcurrentLinkedQueue$Itr done

Classes unloaded (1 events):
Event: 9.588 Thread 0x000002745ea92390 Unloading class 0x0000027401a4c000 'jdk/internal/reflect/GeneratedSerializationConstructorAccessor1'

Classes redefined (0 events):
No events

Internal exceptions (20 events):
Event: 71.774 Thread 0x000002746a233e40 Exception <a 'java/lang/NoSuchMethodError'{0x000000008ae76bf8}: 'java.lang.Object java.lang.invoke.DelegatingMethodHandle$Holder.reinvoke_L(java.lang.Object, long, int, int, int, int, int, int, int, int, int)'> (0x000000008ae76bf8) 
thrown [s\src\hotspot\share\interpreter\linkResolver.cpp, line 771]
Event: 209.977 Thread 0x000002746a2324f0 Exception <a 'java/lang/NoSuchMethodError'{0x0000000089a7f6d0}: 'java.lang.Object java.lang.invoke.DirectMethodHandle$Holder.invokeSpecial(java.lang.Object, java.lang.Object, java.lang.Object, java.lang.Object, java.lang.Object, long)'> (0x0000000089a7f6d0) 
thrown [s\src\hotspot\share\interpreter\linkResolver.cpp, line 771]
Event: 209.982 Thread 0x000002746a2324f0 Exception <a 'java/lang/NoSuchMethodError'{0x0000000089a83110}: 'java.lang.Object java.lang.invoke.Invokers$Holder.linkToTargetMethod(java.lang.Object, java.lang.Object, java.lang.Object, long, java.lang.Object)'> (0x0000000089a83110) 
thrown [s\src\hotspot\share\interpreter\linkResolver.cpp, line 771]
Event: 212.293 Thread 0x000002746a233930 Implicit null exception at 0x000002745031bc54 to 0x000002745031c130
Event: 213.509 Thread 0x000002746a22fc70 Exception <a 'java/lang/IncompatibleClassChangeError'{0x0000000088ddc498}: Found class java.lang.Object, but interface was expected> (0x0000000088ddc498) 
thrown [s\src\hotspot\share\interpreter\linkResolver.cpp, line 838]
Event: 213.509 Thread 0x000002746a2324f0 Exception <a 'java/lang/IncompatibleClassChangeError'{0x0000000088b0ac28}: Found class java.lang.Object, but interface was expected> (0x0000000088b0ac28) 
thrown [s\src\hotspot\share\interpreter\linkResolver.cpp, line 838]
Event: 213.509 Thread 0x000002746a233420 Exception <a 'java/lang/IncompatibleClassChangeError'{0x0000000088c326e8}: Found class java.lang.Object, but interface was expected> (0x0000000088c326e8) 
thrown [s\src\hotspot\share\interpreter\linkResolver.cpp, line 838]
Event: 213.509 Thread 0x000002746a233930 Exception <a 'java/lang/IncompatibleClassChangeError'{0x0000000088c7cbd8}: Found class java.lang.Object, but interface was expected> (0x0000000088c7cbd8) 
thrown [s\src\hotspot\share\interpreter\linkResolver.cpp, line 838]
Event: 213.509 Thread 0x000002746a232a00 Exception <a 'java/lang/IncompatibleClassChangeError'{0x0000000088b43558}: Found class java.lang.Object, but interface was expected> (0x0000000088b43558) 
thrown [s\src\hotspot\share\interpreter\linkResolver.cpp, line 838]
Event: 214.325 Thread 0x000002746a2324f0 Exception <a 'java/lang/NoSuchMethodError'{0x00000000887ccd98}: 'java.lang.Object java.lang.invoke.DirectMethodHandle$Holder.invokeInterface(java.lang.Object, java.lang.Object, java.lang.Object, java.lang.Object)'> (0x00000000887ccd98) 
thrown [s\src\hotspot\share\interpreter\linkResolver.cpp, line 771]
Event: 214.326 Thread 0x000002746a233930 Exception <a 'java/lang/NoSuchMethodError'{0x000000008863ee50}: 'java.lang.Object java.lang.invoke.DirectMethodHandle$Holder.invokeInterface(java.lang.Object, java.lang.Object, java.lang.Object, java.lang.Object)'> (0x000000008863ee50) 
thrown [s\src\hotspot\share\interpreter\linkResolver.cpp, line 771]
Event: 214.326 Thread 0x000002746a22e830 Exception <a 'java/lang/NoSuchMethodError'{0x00000000889ebae8}: 'java.lang.Object java.lang.invoke.DirectMethodHandle$Holder.invokeInterface(java.lang.Object, java.lang.Object, java.lang.Object, java.lang.Object)'> (0x00000000889ebae8) 
thrown [s\src\hotspot\share\interpreter\linkResolver.cpp, line 771]
Event: 214.326 Thread 0x000002746a233420 Exception <a 'java/lang/NoSuchMethodError'{0x00000000887313b0}: 'java.lang.Object java.lang.invoke.DirectMethodHandle$Holder.invokeInterface(java.lang.Object, java.lang.Object, java.lang.Object, java.lang.Object)'> (0x00000000887313b0) 
thrown [s\src\hotspot\share\interpreter\linkResolver.cpp, line 771]
Event: 214.326 Thread 0x000002746a22fc70 Exception <a 'java/lang/NoSuchMethodError'{0x0000000088772510}: 'java.lang.Object java.lang.invoke.DirectMethodHandle$Holder.invokeInterface(java.lang.Object, java.lang.Object, java.lang.Object, java.lang.Object)'> (0x0000000088772510) 
thrown [s\src\hotspot\share\interpreter\linkResolver.cpp, line 771]
Event: 214.420 Thread 0x000002746a232a00 Exception <a 'java/lang/NoSuchMethodError'{0x000000008847a770}: 'java.lang.Object java.lang.invoke.DirectMethodHandle$Holder.newInvokeSpecial(java.lang.Object, long)'> (0x000000008847a770) 
thrown [s\src\hotspot\share\interpreter\linkResolver.cpp, line 771]
Event: 281.940 Thread 0x000002746a22e830 Exception <a 'java/lang/NoSuchMethodError'{0x0000000089f6ef20}: 'int java.lang.invoke.DirectMethodHandle$Holder.invokeStatic(java.lang.Object, java.lang.Object, int, int)'> (0x0000000089f6ef20) 
thrown [s\src\hotspot\share\interpreter\linkResolver.cpp, line 771]
Event: 296.088 Thread 0x000002746a2324f0 Exception <a 'java/lang/NoSuchMethodError'{0x0000000089bbbd30}: 'java.lang.Object java.lang.invoke.Invokers$Holder.linkToTargetMethod(java.lang.Object, int, java.lang.Object, java.lang.Object, java.lang.Object, java.lang.Object)'> (0x0000000089bbbd30) 
thrown [s\src\hotspot\share\interpreter\linkResolver.cpp, line 771]
Event: 296.090 Thread 0x000002746a2324f0 Exception <a 'java/lang/NoSuchMethodError'{0x0000000089bc90b0}: 'int java.lang.invoke.DirectMethodHandle$Holder.invokeStatic(java.lang.Object, java.lang.Object, int, java.lang.Object)'> (0x0000000089bc90b0) 
thrown [s\src\hotspot\share\interpreter\linkResolver.cpp, line 771]
Event: 385.147 Thread 0x000002746a234d70 Exception <a 'java/lang/IncompatibleClassChangeError'{0x000000008aeb9538}: Found class java.lang.Object, but interface was expected> (0x000000008aeb9538) 
thrown [s\src\hotspot\share\interpreter\linkResolver.cpp, line 838]
Event: 420.474 Thread 0x000002746a233420 Implicit null exception at 0x0000027450517898 to 0x00000274505178f8

VM Operations (20 events):
Event: 516.591 Executing VM operation: HandshakeAllThreads
Event: 516.591 Executing VM operation: HandshakeAllThreads done
Event: 517.603 Executing VM operation: Cleanup
Event: 517.603 Executing VM operation: Cleanup done
Event: 518.610 Executing VM operation: Cleanup
Event: 518.611 Executing VM operation: Cleanup done
Event: 519.613 Executing VM operation: Cleanup
Event: 519.613 Executing VM operation: Cleanup done
Event: 520.283 Executing VM operation: G1CollectForAllocation
Event: 520.293 Executing VM operation: G1CollectForAllocation done
Event: 521.305 Executing VM operation: Cleanup
Event: 521.305 Executing VM operation: Cleanup done
Event: 522.317 Executing VM operation: Cleanup
Event: 522.317 Executing VM operation: Cleanup done
Event: 523.331 Executing VM operation: Cleanup
Event: 523.331 Executing VM operation: Cleanup done
Event: 523.709 Executing VM operation: G1CollectForAllocation
Event: 523.718 Executing VM operation: G1CollectForAllocation done
Event: 524.725 Executing VM operation: Cleanup
Event: 524.725 Executing VM operation: Cleanup done

Events (20 events):
Event: 516.634 Thread 0x000002745eabc3b0 flushing nmethod 0x0000027449983590
Event: 516.634 Thread 0x000002745eabc3b0 flushing nmethod 0x0000027449988990
Event: 516.634 Thread 0x000002745eabc3b0 flushing nmethod 0x000002744998e790
Event: 516.634 Thread 0x000002745eabc3b0 flushing nmethod 0x0000027449992b90
Event: 516.634 Thread 0x000002745eabc3b0 flushing nmethod 0x0000027449995f90
Event: 516.634 Thread 0x000002745eabc3b0 flushing nmethod 0x00000274499c4490
Event: 516.635 Thread 0x000002745eabc3b0 flushing nmethod 0x00000274499dfc10
Event: 516.635 Thread 0x000002745eabc3b0 flushing nmethod 0x00000274499e0e10
Event: 516.635 Thread 0x000002745eabc3b0 flushing nmethod 0x00000274499e9a10
Event: 516.635 Thread 0x000002745eabc3b0 flushing nmethod 0x0000027449a10b90
Event: 516.635 Thread 0x000002745eabc3b0 flushing nmethod 0x0000027449a28290
Event: 516.635 Thread 0x000002745eabc3b0 flushing nmethod 0x0000027449a2e890
Event: 516.635 Thread 0x000002745eabc3b0 flushing nmethod 0x0000027449a2ee10
Event: 516.635 Thread 0x000002745eabc3b0 flushing nmethod 0x0000027449a3af90
Event: 516.635 Thread 0x000002745eabc3b0 flushing nmethod 0x0000027449a40b90
Event: 516.635 Thread 0x000002745eabc3b0 flushing nmethod 0x0000027449a47190
Event: 516.635 Thread 0x000002745eabc3b0 flushing nmethod 0x0000027449a48190
Event: 516.635 Thread 0x000002745eabc3b0 flushing nmethod 0x0000027449a48c10
Event: 516.636 Thread 0x000002745eabc3b0 flushing nmethod 0x0000027449a8e710
Event: 516.639 Thread 0x000002745eabc3b0 flushing nmethod 0x0000027449c35b90


Dynamic libraries:
0x00007ff7feee0000 - 0x00007ff7feeea000 	C:\Users\Admin\.jdks\jbr-17.0.12\bin\java.exe
0x00007ffed6770000 - 0x00007ffed6987000 	C:\Windows\SYSTEM32\ntdll.dll
0x00007ffed4d40000 - 0x00007ffed4e04000 	C:\Windows\System32\KERNEL32.DLL
0x00007ffed3da0000 - 0x00007ffed4159000 	C:\Windows\System32\KERNELBASE.dll
0x00007ffed4190000 - 0x00007ffed42a1000 	C:\Windows\System32\ucrtbase.dll
0x00007ffecfc70000 - 0x00007ffecfc8b000 	C:\Users\Admin\.jdks\jbr-17.0.12\bin\VCRUNTIME140.dll
0x00007ffecfac0000 - 0x00007ffecfad7000 	C:\Users\Admin\.jdks\jbr-17.0.12\bin\jli.dll
0x00007ffed6570000 - 0x00007ffed671e000 	C:\Windows\System32\USER32.dll
0x00007ffeb8f30000 - 0x00007ffeb91c2000 	C:\Windows\WinSxS\amd64_microsoft.windows.common-controls_6595b64144ccf1df_6.0.22621.4391_none_2715d37f73803e96\COMCTL32.dll
0x00007ffed3bb0000 - 0x00007ffed3bd6000 	C:\Windows\System32\win32u.dll
0x00007ffed5820000 - 0x00007ffed5849000 	C:\Windows\System32\GDI32.dll
0x00007ffed4a80000 - 0x00007ffed4b27000 	C:\Windows\System32\msvcrt.dll
0x00007ffed3be0000 - 0x00007ffed3cfb000 	C:\Windows\System32\gdi32full.dll
0x00007ffed3d00000 - 0x00007ffed3d9a000 	C:\Windows\System32\msvcp_win.dll
0x00007ffed5350000 - 0x00007ffed5381000 	C:\Windows\System32\IMM32.DLL
0x00007ffecfc60000 - 0x00007ffecfc6c000 	C:\Users\Admin\.jdks\jbr-17.0.12\bin\vcruntime140_1.dll
0x00007ffec0580000 - 0x00007ffec060d000 	C:\Users\Admin\.jdks\jbr-17.0.12\bin\msvcp140.dll
0x00007ffe5dcc0000 - 0x00007ffe5e94a000 	C:\Users\Admin\.jdks\jbr-17.0.12\bin\server\jvm.dll
0x00007ffed4ba0000 - 0x00007ffed4c52000 	C:\Windows\System32\ADVAPI32.dll
0x00007ffed5550000 - 0x00007ffed55f7000 	C:\Windows\System32\sechost.dll
0x00007ffed4160000 - 0x00007ffed4188000 	C:\Windows\System32\bcrypt.dll
0x00007ffed5700000 - 0x00007ffed5814000 	C:\Windows\System32\RPCRT4.dll
0x00007ffed4c60000 - 0x00007ffed4cd1000 	C:\Windows\System32\WS2_32.dll
0x00007ffed28d0000 - 0x00007ffed291d000 	C:\Windows\SYSTEM32\POWRPROF.dll
0x00007ffecc070000 - 0x00007ffecc07a000 	C:\Windows\SYSTEM32\VERSION.dll
0x00007ffecbdd0000 - 0x00007ffecbe04000 	C:\Windows\SYSTEM32\WINMM.dll
0x00007ffed28b0000 - 0x00007ffed28c3000 	C:\Windows\SYSTEM32\UMPDC.dll
0x00007ffed2b70000 - 0x00007ffed2b88000 	C:\Windows\SYSTEM32\kernel.appcore.dll
0x00007ffecfaf0000 - 0x00007ffecfafa000 	C:\Users\Admin\.jdks\jbr-17.0.12\bin\jimage.dll
0x00007ffecba90000 - 0x00007ffecbcc2000 	C:\Windows\SYSTEM32\DBGHELP.DLL
0x00007ffed4590000 - 0x00007ffed491f000 	C:\Windows\System32\combase.dll
0x00007ffed49a0000 - 0x00007ffed4a77000 	C:\Windows\System32\OLEAUT32.dll
0x00007ffec16d0000 - 0x00007ffec1702000 	C:\Windows\SYSTEM32\dbgcore.DLL
0x00007ffed3b30000 - 0x00007ffed3bab000 	C:\Windows\System32\bcryptPrimitives.dll
0x00007ffecf940000 - 0x00007ffecf94e000 	C:\Users\Admin\.jdks\jbr-17.0.12\bin\instrument.dll
0x00007ffec1c20000 - 0x00007ffec1c45000 	C:\Users\Admin\.jdks\jbr-17.0.12\bin\java.dll
0x00007ffebf0f0000 - 0x00007ffebf1c7000 	C:\Users\Admin\.jdks\jbr-17.0.12\bin\jsvml.dll
0x00007ffed5850000 - 0x00007ffed60c6000 	C:\Windows\System32\SHELL32.dll
0x00007ffed1970000 - 0x00007ffed2273000 	C:\Windows\SYSTEM32\windows.storage.dll
0x00007ffed1830000 - 0x00007ffed196f000 	C:\Windows\SYSTEM32\wintypes.dll
0x00007ffed5600000 - 0x00007ffed56f9000 	C:\Windows\System32\SHCORE.dll
0x00007ffed4ce0000 - 0x00007ffed4d3e000 	C:\Windows\System32\shlwapi.dll
0x00007ffed39a0000 - 0x00007ffed39cb000 	C:\Windows\SYSTEM32\profapi.dll
0x00007ffecbf30000 - 0x00007ffecbf48000 	C:\Users\Admin\.jdks\jbr-17.0.12\bin\zip.dll
0x00007ffecbd50000 - 0x00007ffecbd69000 	C:\Users\Admin\.jdks\jbr-17.0.12\bin\net.dll
0x00007ffed03b0000 - 0x00007ffed04e6000 	C:\Windows\SYSTEM32\WINHTTP.dll
0x00007ffed3020000 - 0x00007ffed3089000 	C:\Windows\system32\mswsock.dll
0x00007ffec1d20000 - 0x00007ffec1d36000 	C:\Users\Admin\.jdks\jbr-17.0.12\bin\nio.dll
0x00007ffec1bb0000 - 0x00007ffec1bca000 	D:\IntelliJ IDEA Community Edition 2024.3\bin\breakgen64.dll
0x00007ffecf7c0000 - 0x00007ffecf7c9000 	C:\Users\Admin\.jdks\jbr-17.0.12\bin\extnet.dll
0x00007ffecf660000 - 0x00007ffecf669000 	C:\Users\Admin\.jdks\jbr-17.0.12\bin\management.dll
0x00007ffecbcd0000 - 0x00007ffecbcdb000 	C:\Users\Admin\.jdks\jbr-17.0.12\bin\management_ext.dll
0x00007ffed6720000 - 0x00007ffed6728000 	C:\Windows\System32\PSAPI.DLL
0x00007ffecf690000 - 0x00007ffecf69e000 	C:\Users\Admin\.jdks\jbr-17.0.12\bin\sunmscapi.dll
0x00007ffed4320000 - 0x00007ffed4486000 	C:\Windows\System32\CRYPT32.dll
0x00007ffed3430000 - 0x00007ffed345d000 	C:\Windows\SYSTEM32\ncrypt.dll
0x00007ffed33f0000 - 0x00007ffed3427000 	C:\Windows\SYSTEM32\NTASN1.dll
0x00007ffed3270000 - 0x00007ffed328b000 	C:\Windows\SYSTEM32\CRYPTSP.dll
0x00007ffed2ad0000 - 0x00007ffed2b05000 	C:\Windows\system32\rsaenh.dll
0x00007ffed3110000 - 0x00007ffed3138000 	C:\Windows\SYSTEM32\USERENV.dll
0x00007ffed3290000 - 0x00007ffed329c000 	C:\Windows\SYSTEM32\CRYPTBASE.dll
0x00007ffed2550000 - 0x00007ffed257d000 	C:\Windows\SYSTEM32\IPHLPAPI.DLL
0x00007ffed6560000 - 0x00007ffed6569000 	C:\Windows\System32\NSI.dll
0x00007ffed0230000 - 0x00007ffed0249000 	C:\Windows\SYSTEM32\dhcpcsvc6.DLL
0x00007ffed0210000 - 0x00007ffed022f000 	C:\Windows\SYSTEM32\dhcpcsvc.DLL
0x00007ffed2580000 - 0x00007ffed2682000 	C:\Windows\SYSTEM32\DNSAPI.dll
0x00007ffecb500000 - 0x00007ffecb510000 	C:\Users\Admin\.jdks\jbr-17.0.12\bin\verify.dll
0x00007ffecf2c0000 - 0x00007ffecf2ca000 	C:\Windows\System32\rasadhlp.dll
0x00007ffecf330000 - 0x00007ffecf3b3000 	C:\Windows\System32\fwpuclnt.dll
0x00007ffebcb70000 - 0x00007ffebcb78000 	C:\Windows\system32\wshunix.dll

dbghelp: loaded successfully - version: 4.0.5 - missing functions: none
symbol engine: initialized successfully - sym options: 0x614 - pdb path: .;C:\Users\Admin\.jdks\jbr-17.0.12\bin;C:\Windows\SYSTEM32;C:\Windows\WinSxS\amd64_microsoft.windows.common-controls_6595b64144ccf1df_6.0.22621.4391_none_2715d37f73803e96;C:\Users\Admin\.jdks\jbr-17.0.12\bin\server;D:\IntelliJ IDEA Community Edition 2024.3\bin

VM Arguments:
jvm_args: -javaagent:D:\IntelliJ IDEA Community Edition 2024.3\lib\idea_rt.jar=55156:D:\IntelliJ IDEA Community Edition 2024.3\bin -Dfile.encoding=UTF-8 
java_command: com.springboot.CinemaSystem.CinemaSystemApplication
java_class_path (initial): D:\CinemaSystem_BE\target\classes;C:\Users\Admin\.m2\repository\org\springframework\boot\spring-boot-starter-data-jpa\3.3.5\spring-boot-starter-data-jpa-3.3.5.jar;C:\Users\Admin\.m2\repository\org\springframework\boot\spring-boot-starter-aop\3.3.5\spring-boot-starter-aop-3.3.5.jar;C:\Users\Admin\.m2\repository\org\aspectj\aspectjweaver\1.9.22.1\aspectjweaver-1.9.22.1.jar;C:\Users\Admin\.m2\repository\org\springframework\boot\spring-boot-starter-jdbc\3.3.5\spring-boot-starter-jdbc-3.3.5.jar;C:\Users\Admin\.m2\repository\com\zaxxer\HikariCP\5.1.0\HikariCP-5.1.0.jar;C:\Users\Admin\.m2\repository\org\springframework\spring-jdbc\6.1.14\spring-jdbc-6.1.14.jar;C:\Users\Admin\.m2\repository\org\hibernate\orm\hibernate-core\6.5.3.Final\hibernate-core-6.5.3.Final.jar;C:\Users\Admin\.m2\repository\jakarta\persistence\jakarta.persistence-api\3.1.0\jakarta.persistence-api-3.1.0.jar;C:\Users\Admin\.m2\repository\jakarta\transaction\jakarta.transaction-api\2.0.1\jakarta.transaction-api-2.0.1.jar;C:\Users\Admin\.m2\repository\org\jboss\logging\jboss-logging\3.5.3.Final\jboss-logging-3.5.3.Final.jar;C:\Users\Admin\.m2\repository\org\hibernate\common\hibernate-commons-annotations\6.0.6.Final\hibernate-commons-annotations-6.0.6.Final.jar;C:\Users\Admin\.m2\repository\io\smallrye\jandex\3.1.2\jandex-3.1.2.jar;C:\Users\Admin\.m2\repository\com\fasterxml\classmate\1.7.0\classmate-1.7.0.jar;C:\Users\Admin\.m2\repository\net\bytebuddy\byte-buddy\1.14.19\byte-buddy-1.14.19.jar;C:\Users\Admin\.m2\repository\org\glassfish\jaxb\jaxb-runtime\4.0.5\jaxb-runtime-4.0.5.jar;C:\Users\Admin\.m2\repository\org\glassfish\jaxb\jaxb-core\4.0.5\jaxb-core-4.0.5.jar;C:\Users\Admin\.m2\repository\org\eclipse\angus\angus-activation\2.0.2\angus-activation-2.0.2.jar;C:\Users\Admin\.m2\repository\org\glassfish\jaxb\txw2\4.0.5\txw2-4.0.5.jar;C:\Users\Admin\.m2\repository\com\sun\istack\istack-commons-runtime\4.1.2\istack-commons-runtime-4.1.2.jar;C:\Users\Admin\.m2\repository\jakarta\
Launcher Type: SUN_STANDARD

[Global flags]
     intx CICompilerCount                          = 4                                         {product} {ergonomic}
     uint ConcGCThreads                            = 2                                         {product} {ergonomic}
     uint G1ConcRefinementThreads                  = 8                                         {product} {ergonomic}
   size_t G1HeapRegionSize                         = 1048576                                   {product} {ergonomic}
    uintx GCDrainStackTargetSize                   = 64                                        {product} {ergonomic}
   size_t InitialHeapSize                          = 132120576                                 {product} {ergonomic}
   size_t MarkStackSize                            = 4194304                                   {product} {ergonomic}
   size_t MaxHeapSize                              = 2088763392                                {product} {ergonomic}
   size_t MaxNewSize                               = 1253048320                                {product} {ergonomic}
   size_t MinHeapDeltaBytes                        = 1048576                                   {product} {ergonomic}
   size_t MinHeapSize                              = 8388608                                   {product} {ergonomic}
    uintx NonNMethodCodeHeapSize                   = 5839372                                {pd product} {ergonomic}
    uintx NonProfiledCodeHeapSize                  = 122909434                              {pd product} {ergonomic}
    uintx ProfiledCodeHeapSize                     = 122909434                              {pd product} {ergonomic}
    uintx ReservedCodeCacheSize                    = 251658240                              {pd product} {ergonomic}
     bool SegmentedCodeCache                       = true                                      {product} {ergonomic}
   size_t SoftMaxHeapSize                          = 2088763392                             {manageable} {ergonomic}
     bool UseCompressedClassPointers               = true                           {product lp64_product} {ergonomic}
     bool UseCompressedOops                        = true                           {product lp64_product} {ergonomic}
     bool UseG1GC                                  = true                                      {product} {ergonomic}
     bool UseLargePagesIndividualAllocation        = false                                  {pd product} {ergonomic}

Logging:
Log output configuration:
 #0: stdout all=warning uptime,level,tags
 #1: stderr all=off uptime,level,tags

Environment Variables:
PATH=C:\Program Files\Common Files\Oracle\Java\javapath;C:\Windows\system32;C:\Windows;C:\Windows\System32\Wbem;C:\Windows\System32\WindowsPowerShell\v1.0\;C:\Windows\System32\OpenSSH\;C:\Program Files (x86)\ZeroTier\One\;C:\Program Files\dotnet\;C:\Program Files\Git\cmd;D:\;C:\Users\Admin\AppData\Local\Microsoft\WindowsApps;;C:\Users\Admin\AppData\Local\Programs\Microsoft VS Code\bin;D:\IntelliJ IDEA 2024.2.3\bin;;C:\Users\Admin\AppData\Roaming\npm
USERNAME=Admin
OS=Windows_NT
PROCESSOR_IDENTIFIER=Intel64 Family 6 Model 126 Stepping 5, GenuineIntel
TMP=C:\Users\Admin\AppData\Local\Temp
TEMP=C:\Users\Admin\AppData\Local\Temp



Periodic native trim disabled

JNI global refs:
JNI global refs: 19, weak refs: 0

JNI global refs memory usage: 843, weak refs: 841

Process memory usage:
Resident Set Size: 280400K (3% of 8159224K total physical memory with 131932K free physical memory)

OOME stack traces (most recent first):
Classloader memory used:
Loader jdk.internal.loader.ClassLoaders$AppClassLoader                                 : 9709K
Loader bootstrap                                                                       : 1981K
Loader org.springframework.boot.devtools.restart.classloader.RestartClassLoader        : 392K
Loader jdk.internal.loader.ClassLoaders$PlatformClassLoader                            : 100K
Loader jdk.internal.reflect.DelegatingClassLoader                                      : 84958B
Loader org.springframework.boot.web.embedded.tomcat.TomcatEmbeddedWebappClassLoader    : 2094B
Loader net.bytebuddy.utility.dispatcher.JavaDispatcher$DynamicClassLoader              : 283B

Classes loaded by more than one classloader:
Class com.springboot.CinemaSystem.CinemaSystemApplication                             : loaded 2 times (x 70B)


---------------  S Y S T E M  ---------------

OS:
 Windows 11 , 64 bit Build 22621 (10.0.22621.4391)
OS uptime: 12 days 14:06 hours
Hyper-V role detected

CPU: total 8 (initial active 8) (4 cores per cpu, 2 threads per core) family 6 model 126 stepping 5 microcode 0xa8, cx8, cmov, fxsr, ht, mmx, 3dnowpref, sse, sse2, sse3, ssse3, sse4.1, sse4.2, popcnt, lzcnt, tsc, tscinvbit, avx, avx2, aes, erms, clmul, bmi1, bmi2, adx, avx512f, avx512dq, avx512cd, avx512bw, avx512vl, sha, fma, vzeroupper, avx512_vpopcntdq, avx512_vpclmulqdq, avx512_vaes, avx512_vnni, clflush, clflushopt, avx512_vbmi2, avx512_vbmi, hv
Processor Information for all 8 processors :
  Max Mhz: 1190, Current Mhz: 991, Mhz Limit: 987

Memory: 4k page, system-wide physical 7967M (123M free)
TotalPageFile size 23257M (AvailPageFile size 7M)
current process WorkingSet (physical memory assigned to process): 279M, peak: 413M
current process commit charge ("private bytes"): 441M, peak: 452M

vm_info: OpenJDK 64-Bit Server VM (17.0.12+1-b1207.37) for windows-amd64 JRE (17.0.12+1-b1207.37), built on 2024-09-25 by "builduser" with MS VC++ 16.10 / 16.11 (VS2019)

END.
